[04-Nov-2025 10:25:52 Europe/Berlin] === SUPER ADMIN LOGIN ATTEMPT ===
[04-Nov-2025 10:25:52 Europe/Berlin] User ID: 43
[04-Nov-2025 10:25:52 Europe/Berlin] Session ID: 03aj6g730uui2v51n1l071qkch
[04-Nov-2025 10:25:52 Europe/Berlin] IP: ::1
[04-Nov-2025 10:25:52 Europe/Berlin] Deactivated old sessions
[04-Nov-2025 10:25:52 Europe/Berlin] Deleted duplicate session IDs
[04-Nov-2025 10:25:52 Europe/Berlin] PHP Fatal error:  Uncaught mysqli_sql_exception: Cannot add or update a child row: a foreign key constraint fails (`ocabis`.`user_sessions`, CONSTRAINT `fk_user_sessions_user` FOREIGN KEY (`user_id`) REFERENCES `users` (`id`) ON DELETE CASCADE ON UPDATE CASCADE) in C:\xampp\htdocs\ocabisFrontend\ocabis\login.php:191
Stack trace:
#0 C:\xampp\htdocs\ocabisFrontend\ocabis\login.php(191): mysqli_stmt->execute()
#1 {main}
  thrown in C:\xampp\htdocs\ocabisFrontend\ocabis\login.php on line 191
[04-Nov-2025 10:40:09 Europe/Berlin] === SUPER ADMIN LOGIN SUCCESS ===
[04-Nov-2025 10:40:09 Europe/Berlin] User ID: 43
[04-Nov-2025 10:40:09 Europe/Berlin] Username: superadmin
[04-Nov-2025 10:40:09 Europe/Berlin] Super admin logged in successfully - redirecting to dashboard.php
[04-Nov-2025 10:42:36 Europe/Berlin] === SUPER ADMIN LOGIN SUCCESS ===
[04-Nov-2025 10:42:36 Europe/Berlin] User ID: 43
[04-Nov-2025 10:42:36 Europe/Berlin] Username: superadmin
[04-Nov-2025 10:42:36 Europe/Berlin] Super admin logged in successfully - redirecting to dashboard.php
[04-Nov-2025 10:43:35 Europe/Berlin] === SUPER ADMIN LOGIN SUCCESS ===
[04-Nov-2025 10:43:35 Europe/Berlin] User ID: 43
[04-Nov-2025 10:43:35 Europe/Berlin] Username: superadmin
[04-Nov-2025 10:43:35 Europe/Berlin] Super admin logged in successfully - redirecting to dashboard.php
[04-Nov-2025 10:45:01 Europe/Berlin] === SUPER ADMIN LOGIN SUCCESS ===
[04-Nov-2025 10:45:01 Europe/Berlin] User ID: 43
[04-Nov-2025 10:45:01 Europe/Berlin] Username: superadmin
[04-Nov-2025 10:45:01 Europe/Berlin] Super admin logged in successfully - redirecting to dashboard.php
[04-Nov-2025 12:57:39 Europe/Berlin] === SUPER ADMIN LOGIN SUCCESS ===
[04-Nov-2025 12:57:39 Europe/Berlin] User ID: 43
[04-Nov-2025 12:57:39 Europe/Berlin] Username: superadmin
[04-Nov-2025 12:57:39 Europe/Berlin] Super admin logged in successfully - redirecting to dashboard.php
[04-Nov-2025 13:03:57 Europe/Berlin] === SUPER ADMIN LOGIN SUCCESS ===
[04-Nov-2025 13:03:57 Europe/Berlin] User ID: 43
[04-Nov-2025 13:03:57 Europe/Berlin] Username: superadmin
[04-Nov-2025 13:03:57 Europe/Berlin] Super admin logged in successfully - redirecting to dashboard.php
[04-Nov-2025 13:19:39 Europe/Berlin] === SUPER ADMIN LOGIN SUCCESS ===
[04-Nov-2025 13:19:39 Europe/Berlin] User ID: 43
[04-Nov-2025 13:19:39 Europe/Berlin] Username: superadmin
[04-Nov-2025 13:19:39 Europe/Berlin] Super admin logged in successfully - redirecting to dashboard.php
[04-Nov-2025 22:56:26 Europe/Berlin] === SUPER ADMIN LOGIN SUCCESS ===
[04-Nov-2025 22:56:26 Europe/Berlin] User ID: 43
[04-Nov-2025 22:56:26 Europe/Berlin] Username: superadmin
[04-Nov-2025 22:56:26 Europe/Berlin] Super admin logged in successfully - redirecting to dashboard.php
[04-Nov-2025 23:57:09 Europe/Berlin] === SUPER ADMIN LOGIN SUCCESS ===
[04-Nov-2025 23:57:09 Europe/Berlin] User ID: 43
[04-Nov-2025 23:57:09 Europe/Berlin] Username: superadmin
[04-Nov-2025 23:57:09 Europe/Berlin] Super admin logged in successfully - redirecting to dashboard.php
[05-Nov-2025 05:27:11 Europe/Berlin] === SUPER ADMIN LOGIN SUCCESS ===
[05-Nov-2025 05:27:11 Europe/Berlin] User ID: 43
[05-Nov-2025 05:27:11 Europe/Berlin] Username: superadmin
[05-Nov-2025 05:27:11 Europe/Berlin] Super admin logged in successfully - redirecting to dashboard.php
[05-Nov-2025 05:37:53 Europe/Berlin] === SUPER ADMIN LOGIN SUCCESS ===
[05-Nov-2025 05:37:53 Europe/Berlin] User ID: 43
[05-Nov-2025 05:37:53 Europe/Berlin] Username: superadmin
[05-Nov-2025 05:37:53 Europe/Berlin] Super admin logged in successfully - redirecting to dashboard.php
[05-Nov-2025 05:50:08 Europe/Berlin] === SUPER ADMIN LOGIN SUCCESS ===
[05-Nov-2025 05:50:08 Europe/Berlin] User ID: 43
[05-Nov-2025 05:50:08 Europe/Berlin] Username: superadmin
[05-Nov-2025 05:50:08 Europe/Berlin] Super admin logged in successfully - redirecting to dashboard.php
[05-Nov-2025 06:06:20 Europe/Berlin] === SUPER ADMIN LOGIN SUCCESS ===
[05-Nov-2025 06:06:20 Europe/Berlin] User ID: 43
[05-Nov-2025 06:06:20 Europe/Berlin] Username: superadmin
[05-Nov-2025 06:06:20 Europe/Berlin] Super admin logged in successfully - redirecting to dashboard.php
[05-Nov-2025 06:17:30 Europe/Berlin] === SUPER ADMIN LOGIN SUCCESS ===
[05-Nov-2025 06:17:30 Europe/Berlin] User ID: 43
[05-Nov-2025 06:17:30 Europe/Berlin] Username: superadmin
[05-Nov-2025 06:17:30 Europe/Berlin] Super admin logged in successfully - redirecting to dashboard.php
[05-Nov-2025 06:18:44 Europe/Berlin] === SUPER ADMIN LOGIN SUCCESS ===
[05-Nov-2025 06:18:44 Europe/Berlin] User ID: 43
[05-Nov-2025 06:18:44 Europe/Berlin] Username: superadmin
[05-Nov-2025 06:18:44 Europe/Berlin] Super admin logged in successfully - redirecting to dashboard.php
[05-Nov-2025 06:48:07 Europe/Berlin] === SUPER ADMIN LOGIN SUCCESS ===
[05-Nov-2025 06:48:07 Europe/Berlin] User ID: 43
[05-Nov-2025 06:48:07 Europe/Berlin] Username: superadmin
[05-Nov-2025 06:48:07 Europe/Berlin] Super admin logged in successfully - redirecting to dashboard.php
[05-Nov-2025 06:57:50 Europe/Berlin] === SUPER ADMIN LOGIN SUCCESS ===
[05-Nov-2025 06:57:50 Europe/Berlin] User ID: 43
[05-Nov-2025 06:57:50 Europe/Berlin] Username: superadmin
[05-Nov-2025 06:57:50 Europe/Berlin] Super admin logged in successfully - redirecting to dashboard.php
[06-Nov-2025 15:17:40 Europe/Berlin] === SUPER ADMIN LOGIN SUCCESS ===
[06-Nov-2025 15:17:40 Europe/Berlin] User ID: 43
[06-Nov-2025 15:17:40 Europe/Berlin] Username: superadmin
[06-Nov-2025 15:17:40 Europe/Berlin] Super admin logged in successfully - redirecting to dashboard.php
[06-Nov-2025 15:40:49 Europe/Berlin] === SUPER ADMIN LOGIN SUCCESS ===
[06-Nov-2025 15:40:49 Europe/Berlin] User ID: 43
[06-Nov-2025 15:40:49 Europe/Berlin] Username: superadmin
[06-Nov-2025 15:40:49 Europe/Berlin] Super admin logged in successfully - redirecting to dashboard.php
[06-Nov-2025 16:15:11 Europe/Berlin] === SUPER ADMIN LOGIN SUCCESS ===
[06-Nov-2025 16:15:11 Europe/Berlin] User ID: 43
[06-Nov-2025 16:15:11 Europe/Berlin] Username: superadmin
[06-Nov-2025 16:15:11 Europe/Berlin] Super admin logged in successfully - redirecting to dashboard.php
[06-Nov-2025 16:26:39 Europe/Berlin] === SUPER ADMIN LOGIN SUCCESS ===
[06-Nov-2025 16:26:39 Europe/Berlin] User ID: 43
[06-Nov-2025 16:26:39 Europe/Berlin] Username: superadmin
[06-Nov-2025 16:26:39 Europe/Berlin] Super admin logged in successfully - redirecting to dashboard.php
[06-Nov-2025 16:35:46 Europe/Berlin] === SUPER ADMIN LOGIN SUCCESS ===
[06-Nov-2025 16:35:46 Europe/Berlin] User ID: 43
[06-Nov-2025 16:35:46 Europe/Berlin] Username: superadmin
[06-Nov-2025 16:35:46 Europe/Berlin] Super admin logged in successfully - redirecting to dashboard.php
[06-Nov-2025 17:27:18 Europe/Berlin] === SUPER ADMIN LOGIN SUCCESS ===
[06-Nov-2025 17:27:18 Europe/Berlin] User ID: 43
[06-Nov-2025 17:27:18 Europe/Berlin] Username: superadmin
[06-Nov-2025 17:27:18 Europe/Berlin] Super admin logged in successfully - redirecting to dashboard.php
[07-Nov-2025 05:21:25 Europe/Berlin] === SUPER ADMIN LOGIN SUCCESS ===
[07-Nov-2025 05:21:25 Europe/Berlin] User ID: 43
[07-Nov-2025 05:21:25 Europe/Berlin] Username: superadmin
[07-Nov-2025 05:21:25 Europe/Berlin] Super admin logged in successfully - redirecting to dashboard.php
[07-Nov-2025 08:31:02 Europe/Berlin] === SUPER ADMIN LOGIN SUCCESS ===
[07-Nov-2025 08:31:02 Europe/Berlin] User ID: 43
[07-Nov-2025 08:31:02 Europe/Berlin] Username: superadmin
[07-Nov-2025 08:31:02 Europe/Berlin] Super admin logged in successfully - redirecting to dashboard.php
[07-Nov-2025 08:33:06 Europe/Berlin] === SUPER ADMIN LOGIN SUCCESS ===
[07-Nov-2025 08:33:06 Europe/Berlin] User ID: 43
[07-Nov-2025 08:33:06 Europe/Berlin] Username: superadmin
[07-Nov-2025 08:33:06 Europe/Berlin] Super admin logged in successfully - redirecting to dashboard.php
[07-Nov-2025 09:05:37 Europe/Berlin] === SUPER ADMIN LOGIN SUCCESS ===
[07-Nov-2025 09:05:37 Europe/Berlin] User ID: 43
[07-Nov-2025 09:05:37 Europe/Berlin] Username: superadmin
[07-Nov-2025 09:05:37 Europe/Berlin] Super admin logged in successfully - redirecting to dashboard.php
[07-Nov-2025 09:07:31 Europe/Berlin] === SUPER ADMIN LOGIN SUCCESS ===
[07-Nov-2025 09:07:31 Europe/Berlin] User ID: 43
[07-Nov-2025 09:07:31 Europe/Berlin] Username: superadmin
[07-Nov-2025 09:07:31 Europe/Berlin] Super admin logged in successfully - redirecting to dashboard.php
[07-Nov-2025 09:08:47 Europe/Berlin] === SUPER ADMIN LOGIN SUCCESS ===
[07-Nov-2025 09:08:47 Europe/Berlin] User ID: 43
[07-Nov-2025 09:08:47 Europe/Berlin] Username: superadmin
[07-Nov-2025 09:08:47 Europe/Berlin] Super admin logged in successfully - redirecting to dashboard.php
[07-Nov-2025 09:10:17 Europe/Berlin] === SUPER ADMIN LOGIN SUCCESS ===
[07-Nov-2025 09:10:17 Europe/Berlin] User ID: 43
[07-Nov-2025 09:10:17 Europe/Berlin] Username: superadmin
[07-Nov-2025 09:10:17 Europe/Berlin] Super admin logged in successfully - redirecting to dashboard.php
[07-Nov-2025 09:11:43 Europe/Berlin] === SUPER ADMIN LOGIN SUCCESS ===
[07-Nov-2025 09:11:43 Europe/Berlin] User ID: 43
[07-Nov-2025 09:11:43 Europe/Berlin] Username: superadmin
[07-Nov-2025 09:11:43 Europe/Berlin] Super admin logged in successfully - redirecting to dashboard.php
[07-Nov-2025 09:15:54 Europe/Berlin] === SUPER ADMIN LOGIN SUCCESS ===
[07-Nov-2025 09:15:54 Europe/Berlin] User ID: 43
[07-Nov-2025 09:15:54 Europe/Berlin] Username: superadmin
[07-Nov-2025 09:15:54 Europe/Berlin] Super admin logged in successfully - redirecting to dashboard.php
[07-Nov-2025 09:19:53 Europe/Berlin] === SUPER ADMIN LOGIN SUCCESS ===
[07-Nov-2025 09:19:53 Europe/Berlin] User ID: 43
[07-Nov-2025 09:19:53 Europe/Berlin] Username: superadmin
[07-Nov-2025 09:19:53 Europe/Berlin] Super admin logged in successfully - redirecting to dashboard.php
[07-Nov-2025 09:31:47 Europe/Berlin] === SUPER ADMIN LOGIN SUCCESS ===
[07-Nov-2025 09:31:47 Europe/Berlin] User ID: 43
[07-Nov-2025 09:31:47 Europe/Berlin] Username: superadmin
[07-Nov-2025 09:31:47 Europe/Berlin] Super admin logged in successfully - redirecting to dashboard.php
[07-Nov-2025 09:32:10 Europe/Berlin] === SUPER ADMIN LOGIN SUCCESS ===
[07-Nov-2025 09:32:10 Europe/Berlin] User ID: 43
[07-Nov-2025 09:32:10 Europe/Berlin] Username: superadmin
[07-Nov-2025 09:32:10 Europe/Berlin] Super admin logged in successfully - redirecting to dashboard.php
[07-Nov-2025 09:34:49 Europe/Berlin] === SUPER ADMIN LOGIN SUCCESS ===
[07-Nov-2025 09:34:49 Europe/Berlin] User ID: 43
[07-Nov-2025 09:34:49 Europe/Berlin] Username: superadmin
[07-Nov-2025 09:34:49 Europe/Berlin] Super admin logged in successfully - redirecting to dashboard.php
[07-Nov-2025 09:38:21 Europe/Berlin] === SUPER ADMIN LOGIN SUCCESS ===
[07-Nov-2025 09:38:21 Europe/Berlin] User ID: 43
[07-Nov-2025 09:38:21 Europe/Berlin] Username: superadmin
[07-Nov-2025 09:38:21 Europe/Berlin] Super admin logged in successfully - redirecting to dashboard.php
[07-Nov-2025 09:42:17 Europe/Berlin] === SUPER ADMIN LOGIN SUCCESS ===
[07-Nov-2025 09:42:17 Europe/Berlin] User ID: 43
[07-Nov-2025 09:42:17 Europe/Berlin] Username: superadmin
[07-Nov-2025 09:42:17 Europe/Berlin] Super admin logged in successfully - redirecting to dashboard.php
[07-Nov-2025 09:57:35 Europe/Berlin] === SUPER ADMIN LOGIN SUCCESS ===
[07-Nov-2025 09:57:35 Europe/Berlin] User ID: 43
[07-Nov-2025 09:57:35 Europe/Berlin] Username: superadmin
[07-Nov-2025 09:57:35 Europe/Berlin] Super admin logged in successfully - redirecting to dashboard.php
[07-Nov-2025 10:27:42 Europe/Berlin] === SUPER ADMIN LOGIN SUCCESS ===
[07-Nov-2025 10:27:42 Europe/Berlin] User ID: 43
[07-Nov-2025 10:27:42 Europe/Berlin] Username: superadmin
[07-Nov-2025 10:27:42 Europe/Berlin] Super admin logged in successfully - redirecting to dashboard.php
[07-Nov-2025 13:59:32 Europe/Berlin] === SUPER ADMIN LOGIN SUCCESS ===
[07-Nov-2025 13:59:32 Europe/Berlin] User ID: 43
[07-Nov-2025 13:59:32 Europe/Berlin] Username: superadmin
[07-Nov-2025 13:59:32 Europe/Berlin] Super admin logged in successfully - redirecting to dashboard.php
[07-Nov-2025 14:12:29 Europe/Berlin] === SUPER ADMIN LOGIN SUCCESS ===
[07-Nov-2025 14:12:29 Europe/Berlin] User ID: 43
[07-Nov-2025 14:12:29 Europe/Berlin] Username: superadmin
[07-Nov-2025 14:12:29 Europe/Berlin] Super admin logged in successfully - redirecting to dashboard.php
[07-Nov-2025 14:14:48 Europe/Berlin] === SUPER ADMIN LOGIN SUCCESS ===
[07-Nov-2025 14:14:48 Europe/Berlin] User ID: 43
[07-Nov-2025 14:14:48 Europe/Berlin] Username: superadmin
[07-Nov-2025 14:14:48 Europe/Berlin] Super admin logged in successfully - redirecting to dashboard.php
[07-Nov-2025 14:15:28 Europe/Berlin] === SUPER ADMIN LOGIN SUCCESS ===
[07-Nov-2025 14:15:28 Europe/Berlin] User ID: 43
[07-Nov-2025 14:15:28 Europe/Berlin] Username: superadmin
[07-Nov-2025 14:15:28 Europe/Berlin] Super admin logged in successfully - redirecting to dashboard.php
[07-Nov-2025 14:15:53 Europe/Berlin] === SUPER ADMIN LOGIN SUCCESS ===
[07-Nov-2025 14:15:53 Europe/Berlin] User ID: 43
[07-Nov-2025 14:15:53 Europe/Berlin] Username: superadmin
[07-Nov-2025 14:15:53 Europe/Berlin] Super admin logged in successfully - redirecting to dashboard.php
[07-Nov-2025 14:16:37 Europe/Berlin] === SUPER ADMIN LOGIN SUCCESS ===
[07-Nov-2025 14:16:37 Europe/Berlin] User ID: 43
[07-Nov-2025 14:16:37 Europe/Berlin] Username: superadmin
[07-Nov-2025 14:16:37 Europe/Berlin] Super admin logged in successfully - redirecting to dashboard.php
[07-Nov-2025 14:24:47 Europe/Berlin] === SUPER ADMIN LOGIN SUCCESS ===
[07-Nov-2025 14:24:47 Europe/Berlin] User ID: 43
[07-Nov-2025 14:24:47 Europe/Berlin] Username: superadmin
[07-Nov-2025 14:24:47 Europe/Berlin] Super admin logged in successfully - redirecting to dashboard.php
[07-Nov-2025 15:03:49 Europe/Berlin] === SUPER ADMIN LOGIN SUCCESS ===
[07-Nov-2025 15:03:49 Europe/Berlin] User ID: 43
[07-Nov-2025 15:03:49 Europe/Berlin] Username: superadmin
[07-Nov-2025 15:03:49 Europe/Berlin] Super admin logged in successfully - redirecting to dashboard.php
[07-Nov-2025 15:10:05 Europe/Berlin] === SUPER ADMIN LOGIN SUCCESS ===
[07-Nov-2025 15:10:05 Europe/Berlin] User ID: 43
[07-Nov-2025 15:10:05 Europe/Berlin] Username: superadmin
[07-Nov-2025 15:10:05 Europe/Berlin] Super admin logged in successfully - redirecting to dashboard.php
[07-Nov-2025 15:44:36 Europe/Berlin] === SUPER ADMIN LOGIN SUCCESS ===
[07-Nov-2025 15:44:36 Europe/Berlin] User ID: 43
[07-Nov-2025 15:44:36 Europe/Berlin] Username: superadmin
[07-Nov-2025 15:44:36 Europe/Berlin] Super admin logged in successfully - redirecting to dashboard.php
[07-Nov-2025 15:46:18 Europe/Berlin] === SUPER ADMIN LOGIN SUCCESS ===
[07-Nov-2025 15:46:18 Europe/Berlin] User ID: 43
[07-Nov-2025 15:46:18 Europe/Berlin] Username: superadmin
[07-Nov-2025 15:46:18 Europe/Berlin] Super admin logged in successfully - redirecting to dashboard.php
[07-Nov-2025 15:48:40 Europe/Berlin] === SUPER ADMIN LOGIN SUCCESS ===
[07-Nov-2025 15:48:40 Europe/Berlin] User ID: 43
[07-Nov-2025 15:48:40 Europe/Berlin] Username: superadmin
[07-Nov-2025 15:48:40 Europe/Berlin] Super admin logged in successfully - redirecting to dashboard.php
[07-Nov-2025 15:49:38 Europe/Berlin] === SUPER ADMIN LOGIN SUCCESS ===
[07-Nov-2025 15:49:38 Europe/Berlin] User ID: 43
[07-Nov-2025 15:49:38 Europe/Berlin] Username: superadmin
[07-Nov-2025 15:49:38 Europe/Berlin] Super admin logged in successfully - redirecting to dashboard.php
[07-Nov-2025 15:51:13 Europe/Berlin] === SUPER ADMIN LOGIN SUCCESS ===
[07-Nov-2025 15:51:13 Europe/Berlin] User ID: 43
[07-Nov-2025 15:51:13 Europe/Berlin] Username: superadmin
[07-Nov-2025 15:51:13 Europe/Berlin] Super admin logged in successfully - redirecting to dashboard.php
[07-Nov-2025 16:13:11 Europe/Berlin] === SUPER ADMIN LOGIN SUCCESS ===
[07-Nov-2025 16:13:11 Europe/Berlin] User ID: 43
[07-Nov-2025 16:13:11 Europe/Berlin] Username: superadmin
[07-Nov-2025 16:13:11 Europe/Berlin] Super admin logged in successfully - redirecting to dashboard.php
[07-Nov-2025 16:25:15 Europe/Berlin] === SUPER ADMIN LOGIN SUCCESS ===
[07-Nov-2025 16:25:15 Europe/Berlin] User ID: 43
[07-Nov-2025 16:25:15 Europe/Berlin] Username: superadmin
[07-Nov-2025 16:25:15 Europe/Berlin] Super admin logged in successfully - redirecting to dashboard.php
[08-Nov-2025 00:26:01 Europe/Berlin] === SUPER ADMIN LOGIN SUCCESS ===
[08-Nov-2025 00:26:01 Europe/Berlin] User ID: 43
[08-Nov-2025 00:26:01 Europe/Berlin] Username: superadmin
[08-Nov-2025 00:26:01 Europe/Berlin] Super admin logged in successfully - redirecting to dashboard.php
[08-Nov-2025 00:32:31 Europe/Berlin] === SUPER ADMIN LOGIN SUCCESS ===
[08-Nov-2025 00:32:31 Europe/Berlin] User ID: 43
[08-Nov-2025 00:32:31 Europe/Berlin] Username: superadmin
[08-Nov-2025 00:32:31 Europe/Berlin] Super admin logged in successfully - redirecting to dashboard.php
[08-Nov-2025 00:40:51 Europe/Berlin] PHP Fatal error:  Uncaught Error: Call to a member function bind_param() on bool in C:\xampp\htdocs\ocabisFrontend\ocabis\login.php:141
Stack trace:
#0 {main}
  thrown in C:\xampp\htdocs\ocabisFrontend\ocabis\login.php on line 141
[08-Nov-2025 00:41:05 Europe/Berlin] === SUPER ADMIN LOGIN SUCCESS ===
[08-Nov-2025 00:41:05 Europe/Berlin] User ID: 43
[08-Nov-2025 00:41:05 Europe/Berlin] Username: superadmin
[08-Nov-2025 00:41:05 Europe/Berlin] Super admin logged in successfully - redirecting to dashboard.php
[08-Nov-2025 01:00:08 Europe/Berlin] === SUPER ADMIN LOGIN SUCCESS ===
[08-Nov-2025 01:00:08 Europe/Berlin] User ID: 43
[08-Nov-2025 01:00:08 Europe/Berlin] Username: superadmin
[08-Nov-2025 01:00:08 Europe/Berlin] Super admin logged in successfully - redirecting to dashboard.php
[08-Nov-2025 11:39:25 Europe/Berlin] === SUPER ADMIN LOGIN SUCCESS ===
[08-Nov-2025 11:39:25 Europe/Berlin] User ID: 43
[08-Nov-2025 11:39:25 Europe/Berlin] Username: superadmin
[08-Nov-2025 11:39:25 Europe/Berlin] Super admin logged in successfully - redirecting to dashboard.php
[08-Nov-2025 11:58:46 Europe/Berlin] === SUPER ADMIN LOGIN SUCCESS ===
[08-Nov-2025 11:58:46 Europe/Berlin] User ID: 43
[08-Nov-2025 11:58:46 Europe/Berlin] Username: superadmin
[08-Nov-2025 11:58:46 Europe/Berlin] Super admin logged in successfully - redirecting to dashboard.php
[08-Nov-2025 12:08:46 Europe/Berlin] === SUPER ADMIN LOGIN SUCCESS ===
[08-Nov-2025 12:08:46 Europe/Berlin] User ID: 43
[08-Nov-2025 12:08:46 Europe/Berlin] Username: superadmin
[08-Nov-2025 12:08:46 Europe/Berlin] Super admin logged in successfully - redirecting to dashboard.php
[08-Nov-2025 16:28:07 Europe/Berlin] === SUPER ADMIN LOGIN SUCCESS ===
[08-Nov-2025 16:28:07 Europe/Berlin] User ID: 43
[08-Nov-2025 16:28:07 Europe/Berlin] Username: superadmin
[08-Nov-2025 16:28:07 Europe/Berlin] Super admin logged in successfully - redirecting to dashboard.php
[08-Nov-2025 16:30:07 Europe/Berlin] === SUPER ADMIN LOGIN SUCCESS ===
[08-Nov-2025 16:30:07 Europe/Berlin] User ID: 43
[08-Nov-2025 16:30:07 Europe/Berlin] Username: superadmin
[08-Nov-2025 16:30:07 Europe/Berlin] Super admin logged in successfully - redirecting to dashboard.php
[08-Nov-2025 16:35:10 Europe/Berlin] PHP Fatal error:  Uncaught Error: Call to a member function bind_param() on bool in C:\xampp\htdocs\ocabisFrontend\ocabis\login.php:209
Stack trace:
#0 {main}
  thrown in C:\xampp\htdocs\ocabisFrontend\ocabis\login.php on line 209
[08-Nov-2025 16:35:15 Europe/Berlin] PHP Fatal error:  Uncaught Error: Call to a member function bind_param() on bool in C:\xampp\htdocs\ocabisFrontend\ocabis\login.php:209
Stack trace:
#0 {main}
  thrown in C:\xampp\htdocs\ocabisFrontend\ocabis\login.php on line 209
[08-Nov-2025 16:36:08 Europe/Berlin] PHP Fatal error:  Uncaught Error: Call to a member function bind_param() on bool in C:\xampp\htdocs\ocabisFrontend\ocabis\login.php:209
Stack trace:
#0 {main}
  thrown in C:\xampp\htdocs\ocabisFrontend\ocabis\login.php on line 209
[08-Nov-2025 16:36:11 Europe/Berlin] PHP Fatal error:  Uncaught Error: Call to a member function bind_param() on bool in C:\xampp\htdocs\ocabisFrontend\ocabis\login.php:209
Stack trace:
#0 {main}
  thrown in C:\xampp\htdocs\ocabisFrontend\ocabis\login.php on line 209
[08-Nov-2025 16:36:28 Europe/Berlin] PHP Fatal error:  Uncaught Error: Call to a member function bind_param() on bool in C:\xampp\htdocs\ocabisFrontend\ocabis\login.php:209
Stack trace:
#0 {main}
  thrown in C:\xampp\htdocs\ocabisFrontend\ocabis\login.php on line 209
[08-Nov-2025 16:36:38 Europe/Berlin] PHP Fatal error:  Uncaught Error: Call to a member function bind_param() on bool in C:\xampp\htdocs\ocabisFrontend\ocabis\login.php:209
Stack trace:
#0 {main}
  thrown in C:\xampp\htdocs\ocabisFrontend\ocabis\login.php on line 209
[08-Nov-2025 16:40:22 Europe/Berlin] PHP Fatal error:  Uncaught Error: Call to a member function bind_param() on bool in C:\xampp\htdocs\ocabisFrontend\ocabis\login.php:209
Stack trace:
#0 {main}
  thrown in C:\xampp\htdocs\ocabisFrontend\ocabis\login.php on line 209
[08-Nov-2025 16:40:32 Europe/Berlin] PHP Fatal error:  Uncaught Error: Call to a member function bind_param() on bool in C:\xampp\htdocs\ocabisFrontend\ocabis\login.php:209
Stack trace:
#0 {main}
  thrown in C:\xampp\htdocs\ocabisFrontend\ocabis\login.php on line 209
[08-Nov-2025 16:41:34 Europe/Berlin] PHP Fatal error:  Uncaught Error: Call to a member function bind_param() on bool in C:\xampp\htdocs\ocabisFrontend\ocabis\login.php:209
Stack trace:
#0 {main}
  thrown in C:\xampp\htdocs\ocabisFrontend\ocabis\login.php on line 209
[08-Nov-2025 16:41:36 Europe/Berlin] PHP Fatal error:  Uncaught Error: Call to a member function bind_param() on bool in C:\xampp\htdocs\ocabisFrontend\ocabis\login.php:209
Stack trace:
#0 {main}
  thrown in C:\xampp\htdocs\ocabisFrontend\ocabis\login.php on line 209
[08-Nov-2025 16:41:39 Europe/Berlin] PHP Fatal error:  Uncaught Error: Call to a member function bind_param() on bool in C:\xampp\htdocs\ocabisFrontend\ocabis\login.php:209
Stack trace:
#0 {main}
  thrown in C:\xampp\htdocs\ocabisFrontend\ocabis\login.php on line 209
[08-Nov-2025 16:41:57 Europe/Berlin] PHP Fatal error:  Uncaught Error: Call to a member function bind_param() on bool in C:\xampp\htdocs\ocabisFrontend\ocabis\login.php:209
Stack trace:
#0 {main}
  thrown in C:\xampp\htdocs\ocabisFrontend\ocabis\login.php on line 209
[08-Nov-2025 16:43:43 Europe/Berlin] === SUPER ADMIN LOGIN SUCCESS ===
[08-Nov-2025 16:43:43 Europe/Berlin] User ID: 43
[08-Nov-2025 16:43:43 Europe/Berlin] Username: superadmin
[08-Nov-2025 16:43:43 Europe/Berlin] Super admin logged in successfully - redirecting to dashboard.php
[08-Nov-2025 17:50:05 Europe/Berlin] PHP Fatal error:  Uncaught Error: mysqli object is already closed in C:\xampp\htdocs\ocabisFrontend\ocabis\login.php:961
Stack trace:
#0 C:\xampp\htdocs\ocabisFrontend\ocabis\login.php(961): mysqli->prepare('SELECT is_admin...')
#1 {main}
  thrown in C:\xampp\htdocs\ocabisFrontend\ocabis\login.php on line 961
[08-Nov-2025 19:44:48 Europe/Berlin] Temporary lock #1 applied: User 'MichaelHizon' locked for 5 minutes
[08-Nov-2025 19:44:53 Europe/Berlin] Temporary lock #2 applied: User 'MichaelHizon' locked for 5 minutes
[08-Nov-2025 19:45:00 Europe/Berlin] Temporary lock #1 applied: User 'Nicole' locked for 5 minutes
[08-Nov-2025 19:45:24 Europe/Berlin] Temporary lock #2 applied: User 'Nicole' locked for 5 minutes
[08-Nov-2025 19:50:48 Europe/Berlin] Login success: User logged in: Nicole
[08-Nov-2025 19:51:01 Europe/Berlin] Account permanently locked: User 'MichaelHizon' has reached 3 temporary locks (exceeded 3)
[08-Nov-2025 19:51:04 Europe/Berlin] Login blocked: Account permanently locked for user: MichaelHizon
[08-Nov-2025 19:51:04 Europe/Berlin] PHP Fatal error:  Uncaught Error: mysqli_stmt object is already closed in C:\xampp\htdocs\ocabisFrontend\ocabis\login.php:389
Stack trace:
#0 C:\xampp\htdocs\ocabisFrontend\ocabis\login.php(389): mysqli_stmt->close()
#1 {main}
  thrown in C:\xampp\htdocs\ocabisFrontend\ocabis\login.php on line 389
[08-Nov-2025 19:52:25 Europe/Berlin] Login blocked: Account permanently locked for user: MichaelHizon
[08-Nov-2025 19:52:27 Europe/Berlin] Login blocked: Account permanently locked for user: MichaelHizon
[08-Nov-2025 19:52:30 Europe/Berlin] Login blocked: Account permanently locked for user: MichaelHizon
[08-Nov-2025 19:52:31 Europe/Berlin] Login blocked: Account permanently locked for user: MichaelHizon
[08-Nov-2025 19:52:32 Europe/Berlin] Login blocked: Account permanently locked for user: MichaelHizon
[08-Nov-2025 19:52:34 Europe/Berlin] Login blocked: Account permanently locked for user: MichaelHizon
[08-Nov-2025 19:52:41 Europe/Berlin] Login blocked: Account permanently locked for user: MichaelHizon
[08-Nov-2025 19:52:47 Europe/Berlin] Login blocked: Account permanently locked for user: MichaelHizon
[08-Nov-2025 19:52:53 Europe/Berlin] Login blocked: Account permanently locked for user: MichaelHizon
[08-Nov-2025 19:52:57 Europe/Berlin] Login blocked: Account permanently locked for user: MichaelHizon
[08-Nov-2025 19:53:00 Europe/Berlin] === SUPER ADMIN LOGIN SUCCESS ===
[08-Nov-2025 19:53:00 Europe/Berlin] User ID: 43
[08-Nov-2025 19:53:00 Europe/Berlin] Username: superadmin
[08-Nov-2025 19:53:00 Europe/Berlin] Super admin logged in successfully - redirecting to dashboard.php
[08-Nov-2025 19:53:27 Europe/Berlin] Temporary lock #1 applied: User 'Nicole' locked for 10 seconds
[08-Nov-2025 19:53:43 Europe/Berlin] Temporary lock #2 applied: User 'Nicole' locked for 10 seconds
[08-Nov-2025 19:53:57 Europe/Berlin] Account permanently locked: User 'Nicole' has reached 3 temporary locks (exceeded 3)
[08-Nov-2025 19:53:59 Europe/Berlin] Login blocked: Account permanently locked for user: Nicole
[08-Nov-2025 19:54:00 Europe/Berlin] Login blocked: Account permanently locked for user: Nicole
[08-Nov-2025 19:54:19 Europe/Berlin] Login blocked: Account permanently locked for user: Nicole
[08-Nov-2025 19:54:31 Europe/Berlin] Login blocked: Account permanently locked for user: Nicole
[08-Nov-2025 19:57:20 Europe/Berlin] Login blocked: Account permanently locked for user: Nicole
[08-Nov-2025 19:57:23 Europe/Berlin] Login blocked: Account permanently locked for user: Nicole
[08-Nov-2025 19:57:45 Europe/Berlin] === SUPER ADMIN LOGIN SUCCESS ===
[08-Nov-2025 19:57:45 Europe/Berlin] User ID: 43
[08-Nov-2025 19:57:45 Europe/Berlin] Username: superadmin
[08-Nov-2025 19:57:45 Europe/Berlin] Super admin logged in successfully - redirecting to dashboard.php
[08-Nov-2025 19:59:07 Europe/Berlin] PHP Fatal error:  Uncaught Error: mysqli object is already closed in C:\xampp\htdocs\ocabisFrontend\ocabis\login.php:978
Stack trace:
#0 C:\xampp\htdocs\ocabisFrontend\ocabis\login.php(978): mysqli->query('SHOW COLUMNS FR...')
#1 {main}
  thrown in C:\xampp\htdocs\ocabisFrontend\ocabis\login.php on line 978
[08-Nov-2025 19:59:12 Europe/Berlin] PHP Fatal error:  Uncaught Error: mysqli object is already closed in C:\xampp\htdocs\ocabisFrontend\ocabis\login.php:978
Stack trace:
#0 C:\xampp\htdocs\ocabisFrontend\ocabis\login.php(978): mysqli->query('SHOW COLUMNS FR...')
#1 {main}
  thrown in C:\xampp\htdocs\ocabisFrontend\ocabis\login.php on line 978
[08-Nov-2025 19:59:17 Europe/Berlin] PHP Fatal error:  Uncaught Error: mysqli object is already closed in C:\xampp\htdocs\ocabisFrontend\ocabis\login.php:978
Stack trace:
#0 C:\xampp\htdocs\ocabisFrontend\ocabis\login.php(978): mysqli->query('SHOW COLUMNS FR...')
#1 {main}
  thrown in C:\xampp\htdocs\ocabisFrontend\ocabis\login.php on line 978
[08-Nov-2025 19:59:34 Europe/Berlin] === SUPER ADMIN LOGIN SUCCESS ===
[08-Nov-2025 19:59:34 Europe/Berlin] User ID: 43
[08-Nov-2025 19:59:34 Europe/Berlin] Username: superadmin
[08-Nov-2025 19:59:34 Europe/Berlin] Super admin logged in successfully - redirecting to dashboard.php
[08-Nov-2025 20:00:04 Europe/Berlin] PHP Fatal error:  Uncaught Error: mysqli object is already closed in C:\xampp\htdocs\ocabisFrontend\ocabis\login.php:978
Stack trace:
#0 C:\xampp\htdocs\ocabisFrontend\ocabis\login.php(978): mysqli->query('SHOW COLUMNS FR...')
#1 {main}
  thrown in C:\xampp\htdocs\ocabisFrontend\ocabis\login.php on line 978
[08-Nov-2025 20:02:36 Europe/Berlin] Temporary lock #1 applied: User 'Nicole' locked for 10 seconds
[08-Nov-2025 20:02:44 Europe/Berlin] Temporary lock #2 applied: User 'Nicole' locked for 10 seconds
[08-Nov-2025 20:02:48 Europe/Berlin] Account permanently locked: User 'Nicole' has reached 3 temporary locks (exceeded 3)
[08-Nov-2025 20:02:55 Europe/Berlin] Login blocked: Account permanently locked for user: Nicole
[08-Nov-2025 20:02:56 Europe/Berlin] Login blocked: Account permanently locked for user: Nicole
[08-Nov-2025 20:02:58 Europe/Berlin] Login blocked: Account permanently locked for user: Nicole
[08-Nov-2025 20:21:14 Europe/Berlin] Temporary lock #1 applied: User 'Nicole' locked for 10 seconds
[08-Nov-2025 20:21:22 Europe/Berlin] Temporary lock #2 applied: User 'Nicole' locked for 10 seconds
[08-Nov-2025 20:21:40 Europe/Berlin] Account permanently locked: User 'Nicole' has reached 3 temporary locks (exceeded 3)
[08-Nov-2025 20:21:42 Europe/Berlin] Login blocked: Account permanently locked for user: Nicole
[08-Nov-2025 20:21:43 Europe/Berlin] Login blocked: Account permanently locked for user: Nicole
[08-Nov-2025 20:21:44 Europe/Berlin] Login blocked: Account permanently locked for user: Nicole
[08-Nov-2025 20:21:45 Europe/Berlin] Login blocked: Account permanently locked for user: Nicole
[08-Nov-2025 20:21:46 Europe/Berlin] Login blocked: Account permanently locked for user: Nicole
[08-Nov-2025 20:21:46 Europe/Berlin] Login blocked: Account permanently locked for user: Nicole
[08-Nov-2025 20:21:47 Europe/Berlin] Login blocked: Account permanently locked for user: Nicole
[08-Nov-2025 20:21:48 Europe/Berlin] Login blocked: Account permanently locked for user: Nicole
[08-Nov-2025 20:21:49 Europe/Berlin] Login blocked: Account permanently locked for user: Nicole
[08-Nov-2025 20:21:50 Europe/Berlin] Login blocked: Account permanently locked for user: Nicole
[08-Nov-2025 20:21:51 Europe/Berlin] Login blocked: Account permanently locked for user: Nicole
[08-Nov-2025 20:21:52 Europe/Berlin] Login blocked: Account permanently locked for user: Nicole
[08-Nov-2025 20:21:53 Europe/Berlin] Login blocked: Account permanently locked for user: Nicole
[08-Nov-2025 20:21:54 Europe/Berlin] Login blocked: Account permanently locked for user: Nicole
[08-Nov-2025 20:23:36 Europe/Berlin] Temporary lock #1 applied: User 'Nicole' locked for 10 seconds
[08-Nov-2025 20:23:50 Europe/Berlin] Login success: User logged in: Nicole
[08-Nov-2025 20:31:07 Europe/Berlin] Login success: User logged in: Nicole
[08-Nov-2025 20:32:12 Europe/Berlin] === SUPER ADMIN LOGIN SUCCESS ===
[08-Nov-2025 20:32:12 Europe/Berlin] User ID: 43
[08-Nov-2025 20:32:12 Europe/Berlin] Username: superadmin
[08-Nov-2025 20:32:12 Europe/Berlin] Super admin logged in successfully - redirecting to dashboard.php
[08-Nov-2025 20:35:42 Europe/Berlin] Login success: User logged in: Nicole
[09-Nov-2025 06:48:27 Europe/Berlin] Temporary lock #1 applied: User 'Nicole' locked for 10 seconds
[09-Nov-2025 06:48:45 Europe/Berlin] Temporary lock #2 applied: User 'Nicole' locked for 10 seconds
[09-Nov-2025 06:48:55 Europe/Berlin] Account permanently locked: User 'Nicole' has reached 3 temporary locks (exceeded 3)
[09-Nov-2025 06:48:58 Europe/Berlin] Login blocked: Account permanently locked for user: Nicole
[09-Nov-2025 06:49:37 Europe/Berlin] Login success: User logged in: Nicole
[09-Nov-2025 15:58:07 Europe/Berlin] Login success: User logged in: Nicole
[09-Nov-2025 16:22:53 Europe/Berlin] === SUPER ADMIN LOGIN SUCCESS ===
[09-Nov-2025 16:22:53 Europe/Berlin] User ID: 43
[09-Nov-2025 16:22:53 Europe/Berlin] Username: superadmin
[09-Nov-2025 16:22:53 Europe/Berlin] Super admin logged in successfully - redirecting to dashboard.php
[09-Nov-2025 16:22:59 Europe/Berlin] Login blocked: Account permanently locked for user: MichaelHizon
[09-Nov-2025 16:24:32 Europe/Berlin] === SUPER ADMIN LOGIN SUCCESS ===
[09-Nov-2025 16:24:32 Europe/Berlin] User ID: 43
[09-Nov-2025 16:24:32 Europe/Berlin] Username: superadmin
[09-Nov-2025 16:24:32 Europe/Berlin] Super admin logged in successfully - redirecting to dashboard.php
[09-Nov-2025 16:26:21 Europe/Berlin] === SUPER ADMIN LOGIN SUCCESS ===
[09-Nov-2025 16:26:21 Europe/Berlin] User ID: 43
[09-Nov-2025 16:26:21 Europe/Berlin] Username: superadmin
[09-Nov-2025 16:26:21 Europe/Berlin] Super admin logged in successfully - redirecting to dashboard.php
[09-Nov-2025 17:09:20 Europe/Berlin] Login success: User logged in: Prince
[09-Nov-2025 18:25:04 Europe/Berlin] === SUPER ADMIN LOGIN SUCCESS ===
[09-Nov-2025 18:25:04 Europe/Berlin] User ID: 43
[09-Nov-2025 18:25:04 Europe/Berlin] Username: superadmin
[09-Nov-2025 18:25:04 Europe/Berlin] Super admin logged in successfully - redirecting to dashboard.php
[09-Nov-2025 18:27:31 Europe/Berlin] Login success: User logged in: Prince
[09-Nov-2025 19:18:23 Europe/Berlin] === SUPER ADMIN LOGIN SUCCESS ===
[09-Nov-2025 19:18:23 Europe/Berlin] User ID: 43
[09-Nov-2025 19:18:23 Europe/Berlin] Username: superadmin
[09-Nov-2025 19:18:23 Europe/Berlin] Super admin logged in successfully - redirecting to dashboard.php
[09-Nov-2025 19:37:36 Europe/Berlin] Login success: User logged in: Prince
[09-Nov-2025 19:38:16 Europe/Berlin] Login success: User logged in: Prince
[09-Nov-2025 19:39:17 Europe/Berlin] Temporary lock #1 applied: User 'Prince' locked for 10 seconds
[09-Nov-2025 19:39:32 Europe/Berlin] Temporary lock #2 applied: User 'Prince' locked for 10 seconds
[09-Nov-2025 19:39:53 Europe/Berlin] Account permanently locked: User 'Prince' has reached 3 temporary locks (exceeded 3)
[09-Nov-2025 19:41:10 Europe/Berlin] Temporary lock #1 applied: User 'Prince' locked for 10 seconds
[09-Nov-2025 19:41:21 Europe/Berlin] Login success: User logged in: Prince
[09-Nov-2025 20:04:33 Europe/Berlin] Temporary lock #1 applied: User 'Prince' locked for 10 seconds
[09-Nov-2025 20:04:50 Europe/Berlin] Temporary lock #2 applied: User 'Prince' locked for 10 seconds
[09-Nov-2025 20:05:55 Europe/Berlin] Account permanently locked: User 'Prince' has reached 3 temporary locks (exceeded 3)
[09-Nov-2025 20:06:16 Europe/Berlin] === SUPER ADMIN LOGIN SUCCESS ===
[09-Nov-2025 20:06:16 Europe/Berlin] User ID: 43
[09-Nov-2025 20:06:16 Europe/Berlin] Username: superadmin
[09-Nov-2025 20:06:16 Europe/Berlin] Super admin logged in successfully - redirecting to dashboard.php
[09-Nov-2025 20:22:16 Europe/Berlin] Login success: User logged in: Prince
[09-Nov-2025 20:23:19 Europe/Berlin] Login success: User logged in: Nicole
[09-Nov-2025 20:25:02 Europe/Berlin] Temporary lock #1 applied: User 'Nicole' locked for 10 seconds
[09-Nov-2025 20:27:37 Europe/Berlin] Temporary lock #2 applied: User 'Nicole' locked for 10 seconds
[09-Nov-2025 20:27:57 Europe/Berlin] Account permanently locked: User 'Nicole' has reached 3 temporary locks (exceeded 3)
[09-Nov-2025 20:27:57 Europe/Berlin] All active sessions deactivated for locked user: Nicole
[09-Nov-2025 20:28:39 Europe/Berlin] === SUPER ADMIN LOGIN SUCCESS ===
[09-Nov-2025 20:28:39 Europe/Berlin] User ID: 43
[09-Nov-2025 20:28:39 Europe/Berlin] Username: superadmin
[09-Nov-2025 20:28:39 Europe/Berlin] Super admin logged in successfully - redirecting to dashboard.php
[09-Nov-2025 20:28:58 Europe/Berlin] Login success: User logged in: Nicole
[09-Nov-2025 20:29:17 Europe/Berlin] Temporary lock #1 applied: User 'Nicole' locked for 10 seconds
[09-Nov-2025 20:30:03 Europe/Berlin] Temporary lock #2 applied: User 'Nicole' locked for 10 seconds
[09-Nov-2025 20:32:54 Europe/Berlin] Account permanently locked: User 'Nicole' has reached 3 temporary locks (exceeded 3)
[09-Nov-2025 20:32:54 Europe/Berlin] All active sessions deactivated for locked user: Nicole
[09-Nov-2025 20:36:40 Europe/Berlin] === SUPER ADMIN LOGIN SUCCESS ===
[09-Nov-2025 20:36:40 Europe/Berlin] User ID: 43
[09-Nov-2025 20:36:40 Europe/Berlin] Username: superadmin
[09-Nov-2025 20:36:40 Europe/Berlin] Super admin logged in successfully - redirecting to dashboard.php
[09-Nov-2025 20:37:13 Europe/Berlin] === SUPER ADMIN LOGIN SUCCESS ===
[09-Nov-2025 20:37:13 Europe/Berlin] User ID: 43
[09-Nov-2025 20:37:13 Europe/Berlin] Username: superadmin
[09-Nov-2025 20:37:13 Europe/Berlin] Super admin logged in successfully - redirecting to dashboard.php
[09-Nov-2025 20:37:40 Europe/Berlin] Login success: User logged in: Nicole
[09-Nov-2025 20:37:52 Europe/Berlin] Temporary lock #1 applied: User 'Nicole' locked for 10 seconds
[09-Nov-2025 20:38:08 Europe/Berlin] Temporary lock #2 applied: User 'Nicole' locked for 10 seconds
[09-Nov-2025 20:38:21 Europe/Berlin] Account permanently locked: User 'Nicole' has reached 3 temporary locks (exceeded 3)
[09-Nov-2025 20:38:21 Europe/Berlin] All active sessions deactivated for locked user: Nicole
[09-Nov-2025 20:40:02 Europe/Berlin] === SUPER ADMIN LOGIN SUCCESS ===
[09-Nov-2025 20:40:02 Europe/Berlin] User ID: 43
[09-Nov-2025 20:40:02 Europe/Berlin] Username: superadmin
[09-Nov-2025 20:40:02 Europe/Berlin] Super admin logged in successfully - redirecting to dashboard.php
[09-Nov-2025 20:40:23 Europe/Berlin] Login success: User logged in: Nicole
[09-Nov-2025 20:40:40 Europe/Berlin] Temporary lock #1 applied: User 'Nicole' locked for 10 seconds
[09-Nov-2025 20:42:24 Europe/Berlin] Temporary lock #2 applied: User 'Nicole' locked for 10 seconds
[09-Nov-2025 20:43:26 Europe/Berlin] Account permanently locked: User 'Nicole' has reached 3 temporary locks (exceeded 3)
[09-Nov-2025 20:43:26 Europe/Berlin] All active sessions deactivated for locked user: Nicole
[09-Nov-2025 20:43:45 Europe/Berlin] Login success: User logged in: Prince
[09-Nov-2025 20:48:45 Europe/Berlin] Login blocked: Account permanently locked for user: Nicole
[09-Nov-2025 20:50:11 Europe/Berlin] === SUPER ADMIN LOGIN SUCCESS ===
[09-Nov-2025 20:50:11 Europe/Berlin] User ID: 43
[09-Nov-2025 20:50:11 Europe/Berlin] Username: superadmin
[09-Nov-2025 20:50:11 Europe/Berlin] Super admin logged in successfully - redirecting to dashboard.php
[09-Nov-2025 20:50:59 Europe/Berlin] Login success: User logged in: Nicole
[09-Nov-2025 21:03:17 Europe/Berlin] Login success: User logged in: Prince
[09-Nov-2025 21:31:44 Europe/Berlin] Login success: User logged in: Nicole
[09-Nov-2025 21:32:11 Europe/Berlin] Login success: User logged in: Prince
[09-Nov-2025 21:58:41 Europe/Berlin] === SUPER ADMIN LOGIN SUCCESS ===
[09-Nov-2025 21:58:41 Europe/Berlin] User ID: 43
[09-Nov-2025 21:58:41 Europe/Berlin] Username: superadmin
[09-Nov-2025 21:58:41 Europe/Berlin] Super admin logged in successfully - redirecting to dashboard.php
[09-Nov-2025 21:59:28 Europe/Berlin] Login success: User logged in: Jamyr
[09-Nov-2025 22:00:07 Europe/Berlin] Login success: User logged in: Jamyr
[11-Nov-2025 15:29:06 Europe/Berlin] === SUPER ADMIN LOGIN SUCCESS ===
[11-Nov-2025 15:29:06 Europe/Berlin] User ID: 43
[11-Nov-2025 15:29:06 Europe/Berlin] Username: superadmin
[11-Nov-2025 15:29:06 Europe/Berlin] Super admin logged in successfully - redirecting to dashboard.php
[11-Nov-2025 15:32:26 Europe/Berlin] Login success: User logged in: Prince
[11-Nov-2025 15:33:45 Europe/Berlin] === SUPER ADMIN LOGIN SUCCESS ===
[11-Nov-2025 15:33:45 Europe/Berlin] User ID: 43
[11-Nov-2025 15:33:45 Europe/Berlin] Username: superadmin
[11-Nov-2025 15:33:45 Europe/Berlin] Super admin logged in successfully - redirecting to dashboard.php
[11-Nov-2025 15:34:21 Europe/Berlin] Login success: User logged in: Nicole
[11-Nov-2025 15:34:41 Europe/Berlin] Login success: User logged in: Jamyr
[11-Nov-2025 16:43:39 Europe/Berlin] Login success: User logged in: Prince
[11-Nov-2025 16:47:53 Europe/Berlin] Login success: User logged in: Jamyr
[11-Nov-2025 16:50:28 Europe/Berlin] === SUPER ADMIN LOGIN SUCCESS ===
[11-Nov-2025 16:50:28 Europe/Berlin] User ID: 43
[11-Nov-2025 16:50:28 Europe/Berlin] Username: superadmin
[11-Nov-2025 16:50:28 Europe/Berlin] Super admin logged in successfully - redirecting to dashboard.php
[11-Nov-2025 16:50:48 Europe/Berlin] Login success: User logged in: Prince
[11-Nov-2025 16:50:59 Europe/Berlin] === SUPER ADMIN LOGIN SUCCESS ===
[11-Nov-2025 16:50:59 Europe/Berlin] User ID: 43
[11-Nov-2025 16:50:59 Europe/Berlin] Username: superadmin
[11-Nov-2025 16:50:59 Europe/Berlin] Super admin logged in successfully - redirecting to dashboard.php
[11-Nov-2025 16:51:16 Europe/Berlin] Login success: User logged in: Nicole
[11-Nov-2025 16:56:27 Europe/Berlin] === SUPER ADMIN LOGIN SUCCESS ===
[11-Nov-2025 16:56:27 Europe/Berlin] User ID: 43
[11-Nov-2025 16:56:27 Europe/Berlin] Username: superadmin
[11-Nov-2025 16:56:27 Europe/Berlin] Super admin logged in successfully - redirecting to dashboard.php
[12-Nov-2025 14:36:50 Europe/Berlin] === SUPER ADMIN LOGIN SUCCESS ===
[12-Nov-2025 14:36:50 Europe/Berlin] User ID: 43
[12-Nov-2025 14:36:50 Europe/Berlin] Username: superadmin
[12-Nov-2025 14:36:50 Europe/Berlin] Super admin logged in successfully - redirecting to dashboard.php
[12-Nov-2025 14:57:45 Europe/Berlin] === SUPER ADMIN LOGIN SUCCESS ===
[12-Nov-2025 14:57:45 Europe/Berlin] User ID: 43
[12-Nov-2025 14:57:45 Europe/Berlin] Username: superadmin
[12-Nov-2025 14:57:45 Europe/Berlin] Super admin logged in successfully - redirecting to dashboard.php
[12-Nov-2025 15:02:19 Europe/Berlin] === SUPER ADMIN LOGIN SUCCESS ===
[12-Nov-2025 15:02:19 Europe/Berlin] User ID: 43
[12-Nov-2025 15:02:19 Europe/Berlin] Username: superadmin
[12-Nov-2025 15:02:19 Europe/Berlin] Super admin logged in successfully - redirecting to dashboard.php
[12-Nov-2025 15:03:16 Europe/Berlin] Login success: User logged in: jamyr
[12-Nov-2025 15:07:15 Europe/Berlin] === SUPER ADMIN LOGIN SUCCESS ===
[12-Nov-2025 15:07:15 Europe/Berlin] User ID: 43
[12-Nov-2025 15:07:15 Europe/Berlin] Username: superadmin
[12-Nov-2025 15:07:15 Europe/Berlin] Super admin logged in successfully - redirecting to dashboard.php
[12-Nov-2025 15:08:23 Europe/Berlin] === SUPER ADMIN LOGIN SUCCESS ===
[12-Nov-2025 15:08:23 Europe/Berlin] User ID: 43
[12-Nov-2025 15:08:23 Europe/Berlin] Username: superadmin
[12-Nov-2025 15:08:23 Europe/Berlin] Super admin logged in successfully - redirecting to dashboard.php
[12-Nov-2025 15:08:42 Europe/Berlin] Login success: User logged in: jamyr
[12-Nov-2025 15:09:23 Europe/Berlin] === SUPER ADMIN LOGIN SUCCESS ===
[12-Nov-2025 15:09:23 Europe/Berlin] User ID: 43
[12-Nov-2025 15:09:23 Europe/Berlin] Username: superadmin
[12-Nov-2025 15:09:23 Europe/Berlin] Super admin logged in successfully - redirecting to dashboard.php
[12-Nov-2025 15:12:38 Europe/Berlin] Login success: User logged in: Prince
[12-Nov-2025 15:15:23 Europe/Berlin] === SUPER ADMIN LOGIN SUCCESS ===
[12-Nov-2025 15:15:23 Europe/Berlin] User ID: 43
[12-Nov-2025 15:15:23 Europe/Berlin] Username: superadmin
[12-Nov-2025 15:15:23 Europe/Berlin] Super admin logged in successfully - redirecting to dashboard.php
[12-Nov-2025 15:15:58 Europe/Berlin] Login success: User logged in: jamyr
[12-Nov-2025 15:16:48 Europe/Berlin] === SUPER ADMIN LOGIN SUCCESS ===
[12-Nov-2025 15:16:48 Europe/Berlin] User ID: 43
[12-Nov-2025 15:16:48 Europe/Berlin] Username: superadmin
[12-Nov-2025 15:16:48 Europe/Berlin] Super admin logged in successfully - redirecting to dashboard.php
[12-Nov-2025 15:19:14 Europe/Berlin] Login success: User logged in: Prince
[12-Nov-2025 15:19:56 Europe/Berlin] Temporary lock #1 applied: User 'Prince' locked for 10 seconds
[12-Nov-2025 15:20:21 Europe/Berlin] Temporary lock #2 applied: User 'Prince' locked for 10 seconds
[12-Nov-2025 15:20:53 Europe/Berlin] Account permanently locked: User 'Prince' has reached 3 temporary locks (exceeded 3)
[12-Nov-2025 15:20:53 Europe/Berlin] All active sessions deactivated for locked user: Prince
[12-Nov-2025 15:21:10 Europe/Berlin] === SUPER ADMIN LOGIN SUCCESS ===
[12-Nov-2025 15:21:10 Europe/Berlin] User ID: 43
[12-Nov-2025 15:21:10 Europe/Berlin] Username: superadmin
[12-Nov-2025 15:21:10 Europe/Berlin] Super admin logged in successfully - redirecting to dashboard.php
[12-Nov-2025 15:23:02 Europe/Berlin] Login success: User logged in: Prince
[12-Nov-2025 15:23:29 Europe/Berlin] Login success: User logged in: Prince
[12-Nov-2025 15:25:01 Europe/Berlin] Login success: User logged in: Prince
[12-Nov-2025 15:26:34 Europe/Berlin] Login success: User logged in: jamyr
[12-Nov-2025 16:02:36 Europe/Berlin] === SUPER ADMIN LOGIN SUCCESS ===
[12-Nov-2025 16:02:36 Europe/Berlin] User ID: 43
[12-Nov-2025 16:02:36 Europe/Berlin] Username: superadmin
[12-Nov-2025 16:02:36 Europe/Berlin] Super admin logged in successfully - redirecting to dashboard.php
[12-Nov-2025 16:04:52 Europe/Berlin] Login success: User logged in: jamyr
[12-Nov-2025 16:05:08 Europe/Berlin] === SUPER ADMIN LOGIN SUCCESS ===
[12-Nov-2025 16:05:08 Europe/Berlin] User ID: 43
[12-Nov-2025 16:05:08 Europe/Berlin] Username: superadmin
[12-Nov-2025 16:05:08 Europe/Berlin] Super admin logged in successfully - redirecting to dashboard.php
[12-Nov-2025 16:05:24 Europe/Berlin] Login success: User logged in: jamyr
[12-Nov-2025 16:10:57 Europe/Berlin] === SUPER ADMIN LOGIN SUCCESS ===
[12-Nov-2025 16:10:57 Europe/Berlin] User ID: 43
[12-Nov-2025 16:10:57 Europe/Berlin] Username: superadmin
[12-Nov-2025 16:10:57 Europe/Berlin] Super admin logged in successfully - redirecting to dashboard.php
[12-Nov-2025 16:11:31 Europe/Berlin] Login success: User logged in: Prince
[12-Nov-2025 16:35:37 Europe/Berlin] Login success: User logged in: Prince
[12-Nov-2025 16:37:56 Europe/Berlin] Login success: User logged in: Prince
[12-Nov-2025 16:49:43 Europe/Berlin] Login success: User logged in: Prince
[12-Nov-2025 16:58:41 Europe/Berlin] Login success: User logged in: Nicole
[12-Nov-2025 16:58:54 Europe/Berlin] Login success: User logged in: Prince
[12-Nov-2025 17:03:48 Europe/Berlin] Login success: User logged in: Prince
[12-Nov-2025 17:04:16 Europe/Berlin] Login success: User logged in: Prince
[12-Nov-2025 17:24:11 Europe/Berlin] Login success: User logged in: Prince
[12-Nov-2025 17:25:47 Europe/Berlin] Login success: User logged in: Prince
[12-Nov-2025 17:30:21 Europe/Berlin] Login success: User logged in: Prince
[12-Nov-2025 17:31:33 Europe/Berlin] Login success: User logged in: Prince
[12-Nov-2025 17:33:30 Europe/Berlin] Login success: User logged in: Prince
[12-Nov-2025 17:36:39 Europe/Berlin] Login success: User logged in: Prince
[12-Nov-2025 17:38:52 Europe/Berlin] Login success: User logged in: Prince
[12-Nov-2025 17:39:10 Europe/Berlin] Login success: User logged in: Prince
[12-Nov-2025 17:42:51 Europe/Berlin] Login success: User logged in: Prince
[12-Nov-2025 17:50:08 Europe/Berlin] Login success: User logged in: Prince
[12-Nov-2025 18:04:00 Europe/Berlin] Login success: User logged in: Prince
[13-Nov-2025 16:12:11 Europe/Berlin] Login success: User logged in: Prince
[13-Nov-2025 16:20:53 Europe/Berlin] Login success: User logged in: jamyr
[13-Nov-2025 16:21:13 Europe/Berlin] Login success: User logged in: Prince
[13-Nov-2025 16:25:52 Europe/Berlin] Login success: User logged in: Nicole
[13-Nov-2025 16:45:23 Europe/Berlin] Login success: User logged in: jamyr
[13-Nov-2025 16:53:40 Europe/Berlin] Login success: User logged in: Prince
[14-Nov-2025 03:07:54 Europe/Berlin] Login success: User logged in: Prince
[14-Nov-2025 03:09:58 Europe/Berlin] === SUPER ADMIN LOGIN SUCCESS ===
[14-Nov-2025 03:09:58 Europe/Berlin] User ID: 43
[14-Nov-2025 03:09:58 Europe/Berlin] Username: superadmin
[14-Nov-2025 03:09:58 Europe/Berlin] Super admin logged in successfully - redirecting to dashboard.php
[14-Nov-2025 04:34:43 Europe/Berlin] Login success: User logged in: royzi
[14-Nov-2025 04:48:01 Europe/Berlin] === SUPER ADMIN LOGIN SUCCESS ===
[14-Nov-2025 04:48:01 Europe/Berlin] User ID: 43
[14-Nov-2025 04:48:01 Europe/Berlin] Username: superadmin
[14-Nov-2025 04:48:01 Europe/Berlin] Super admin logged in successfully - redirecting to dashboard.php
[14-Nov-2025 05:07:39 Europe/Berlin] === SUPER ADMIN LOGIN SUCCESS ===
[14-Nov-2025 05:07:39 Europe/Berlin] User ID: 43
[14-Nov-2025 05:07:39 Europe/Berlin] Username: superadmin
[14-Nov-2025 05:07:39 Europe/Berlin] Super admin logged in successfully - redirecting to dashboard.php
[14-Nov-2025 05:14:27 Europe/Berlin] === SUPER ADMIN LOGIN SUCCESS ===
[14-Nov-2025 05:14:27 Europe/Berlin] User ID: 43
[14-Nov-2025 05:14:27 Europe/Berlin] Username: superadmin
[14-Nov-2025 05:14:27 Europe/Berlin] Super admin logged in successfully - redirecting to dashboard.php
[14-Nov-2025 06:08:03 Europe/Berlin] Login success: User logged in: jamyr
[14-Nov-2025 06:09:18 Europe/Berlin] Login success: User logged in: jamyr
[14-Nov-2025 06:16:42 Europe/Berlin] === SUPER ADMIN LOGIN SUCCESS ===
[14-Nov-2025 06:16:42 Europe/Berlin] User ID: 43
[14-Nov-2025 06:16:42 Europe/Berlin] Username: superadmin
[14-Nov-2025 06:16:42 Europe/Berlin] Super admin logged in successfully - redirecting to dashboard.php
[14-Nov-2025 08:31:56 Europe/Berlin] === SUPER ADMIN LOGIN SUCCESS ===
[14-Nov-2025 08:31:56 Europe/Berlin] User ID: 43
[14-Nov-2025 08:31:56 Europe/Berlin] Username: superadmin
[14-Nov-2025 08:31:56 Europe/Berlin] Super admin logged in successfully - redirecting to dashboard.php
[14-Nov-2025 08:34:07 Europe/Berlin] === SUPER ADMIN LOGIN SUCCESS ===
[14-Nov-2025 08:34:07 Europe/Berlin] User ID: 43
[14-Nov-2025 08:34:07 Europe/Berlin] Username: superadmin
[14-Nov-2025 08:34:07 Europe/Berlin] Super admin logged in successfully - redirecting to dashboard.php
[14-Nov-2025 08:41:52 Europe/Berlin] Login success: User logged in: jamyr
[14-Nov-2025 08:48:11 Europe/Berlin] === SUPER ADMIN LOGIN SUCCESS ===
[14-Nov-2025 08:48:11 Europe/Berlin] User ID: 43
[14-Nov-2025 08:48:11 Europe/Berlin] Username: superadmin
[14-Nov-2025 08:48:11 Europe/Berlin] Super admin logged in successfully - redirecting to dashboard.php
[14-Nov-2025 08:48:52 Europe/Berlin] Login success: User logged in: Prince
[14-Nov-2025 08:49:29 Europe/Berlin] Login success: User logged in: Nicole
[14-Nov-2025 08:52:15 Europe/Berlin] Login success: User logged in: Prince
[14-Nov-2025 08:52:48 Europe/Berlin] Login success: User logged in: jamyr
[14-Nov-2025 09:01:44 Europe/Berlin] Login success: User logged in: jamyr
[14-Nov-2025 09:02:28 Europe/Berlin] === SUPER ADMIN LOGIN SUCCESS ===
[14-Nov-2025 09:02:28 Europe/Berlin] User ID: 43
[14-Nov-2025 09:02:28 Europe/Berlin] Username: superadmin
[14-Nov-2025 09:02:28 Europe/Berlin] Super admin logged in successfully - redirecting to dashboard.php
[14-Nov-2025 09:32:24 Europe/Berlin] PHP Fatal error:  Uncaught mysqli_sql_exception: Table 'ocabis.super_admin' doesn't exist in engine in C:\xampp\htdocs\ocabisFrontend\ocabis\login.php:150
Stack trace:
#0 C:\xampp\htdocs\ocabisFrontend\ocabis\login.php(150): mysqli->prepare('SELECT id, user...')
#1 {main}
  thrown in C:\xampp\htdocs\ocabisFrontend\ocabis\login.php on line 150
[14-Nov-2025 09:32:45 Europe/Berlin] PHP Fatal error:  Uncaught mysqli_sql_exception: Table 'ocabis.super_admin' doesn't exist in engine in C:\xampp\htdocs\ocabisFrontend\ocabis\login.php:150
Stack trace:
#0 C:\xampp\htdocs\ocabisFrontend\ocabis\login.php(150): mysqli->prepare('SELECT id, user...')
#1 {main}
  thrown in C:\xampp\htdocs\ocabisFrontend\ocabis\login.php on line 150
[14-Nov-2025 09:32:54 Europe/Berlin] PHP Fatal error:  Uncaught mysqli_sql_exception: Table 'ocabis.super_admin' doesn't exist in engine in C:\xampp\htdocs\ocabisFrontend\ocabis\login.php:150
Stack trace:
#0 C:\xampp\htdocs\ocabisFrontend\ocabis\login.php(150): mysqli->prepare('SELECT id, user...')
#1 {main}
  thrown in C:\xampp\htdocs\ocabisFrontend\ocabis\login.php on line 150
[14-Nov-2025 09:35:15 Europe/Berlin] === SUPER ADMIN LOGIN SUCCESS ===
[14-Nov-2025 09:35:15 Europe/Berlin] User ID: 43
[14-Nov-2025 09:35:15 Europe/Berlin] Username: superadmin
[14-Nov-2025 09:35:15 Europe/Berlin] Super admin logged in successfully - redirecting to dashboard.php
[14-Nov-2025 09:35:24 Europe/Berlin] Login success: User logged in: Prince
[14-Nov-2025 09:36:16 Europe/Berlin] Login success: User logged in: jamyr
[14-Nov-2025 09:38:00 Europe/Berlin] Login success: User logged in: Prince
[14-Nov-2025 09:38:17 Europe/Berlin] Login success: User logged in: jamyr
[14-Nov-2025 15:49:47 Europe/Berlin] === SUPER ADMIN LOGIN SUCCESS ===
[14-Nov-2025 15:49:47 Europe/Berlin] User ID: 43
[14-Nov-2025 15:49:47 Europe/Berlin] Username: superadmin
[14-Nov-2025 15:49:47 Europe/Berlin] Super admin logged in successfully - redirecting to dashboard.php
[14-Nov-2025 15:51:14 Europe/Berlin] === SUPER ADMIN LOGIN SUCCESS ===
[14-Nov-2025 15:51:14 Europe/Berlin] User ID: 43
[14-Nov-2025 15:51:14 Europe/Berlin] Username: superadmin
[14-Nov-2025 15:51:14 Europe/Berlin] Super admin logged in successfully - redirecting to dashboard.php
[14-Nov-2025 15:51:33 Europe/Berlin] Login success: User logged in: Prince
[14-Nov-2025 16:06:43 Europe/Berlin] Login success: User logged in: jamyr
[14-Nov-2025 16:12:45 Europe/Berlin] Login success: User logged in: Prince
[15-Nov-2025 08:17:08 Europe/Berlin] === SUPER ADMIN LOGIN SUCCESS ===
[15-Nov-2025 08:17:08 Europe/Berlin] User ID: 43
[15-Nov-2025 08:17:08 Europe/Berlin] Username: superadmin
[15-Nov-2025 08:17:08 Europe/Berlin] Super admin logged in successfully - redirecting to dashboard.php
[15-Nov-2025 08:20:20 Europe/Berlin] Login success: User logged in: jamyr
[15-Nov-2025 08:25:49 Europe/Berlin] === SUPER ADMIN LOGIN SUCCESS ===
[15-Nov-2025 08:25:49 Europe/Berlin] User ID: 43
[15-Nov-2025 08:25:49 Europe/Berlin] Username: superadmin
[15-Nov-2025 08:25:49 Europe/Berlin] Super admin logged in successfully - redirecting to dashboard.php
[15-Nov-2025 08:26:24 Europe/Berlin] Login success: User logged in: prince
[15-Nov-2025 08:39:47 Europe/Berlin] === SUPER ADMIN LOGIN SUCCESS ===
[15-Nov-2025 08:39:47 Europe/Berlin] User ID: 43
[15-Nov-2025 08:39:47 Europe/Berlin] Username: superadmin
[15-Nov-2025 08:39:47 Europe/Berlin] Super admin logged in successfully - redirecting to dashboard.php
[15-Nov-2025 08:41:22 Europe/Berlin] === SUPER ADMIN LOGIN SUCCESS ===
[15-Nov-2025 08:41:22 Europe/Berlin] User ID: 43
[15-Nov-2025 08:41:22 Europe/Berlin] Username: superadmin
[15-Nov-2025 08:41:22 Europe/Berlin] Super admin logged in successfully - redirecting to dashboard.php
[15-Nov-2025 08:44:58 Europe/Berlin] Login success: User logged in: prince
[15-Nov-2025 08:47:48 Europe/Berlin] Login success: User logged in: jamyr
[15-Nov-2025 08:48:24 Europe/Berlin] Login success: User logged in: prince
[15-Nov-2025 08:49:42 Europe/Berlin] Login success: User logged in: jamyr
[15-Nov-2025 08:54:36 Europe/Berlin] === SUPER ADMIN LOGIN SUCCESS ===
[15-Nov-2025 08:54:36 Europe/Berlin] User ID: 43
[15-Nov-2025 08:54:36 Europe/Berlin] Username: superadmin
[15-Nov-2025 08:54:36 Europe/Berlin] Super admin logged in successfully - redirecting to dashboard.php
[15-Nov-2025 08:55:45 Europe/Berlin] Login success: User logged in: donald
[15-Nov-2025 08:56:23 Europe/Berlin] Login success: User logged in: prince
[15-Nov-2025 08:58:33 Europe/Berlin] Login success: User logged in: jamyr
[15-Nov-2025 08:59:59 Europe/Berlin] Login success: User logged in: prince
[15-Nov-2025 09:18:23 Europe/Berlin] Login success: User logged in: jamyr
[15-Nov-2025 09:21:10 Europe/Berlin] === SUPER ADMIN LOGIN SUCCESS ===
[15-Nov-2025 09:21:10 Europe/Berlin] User ID: 43
[15-Nov-2025 09:21:10 Europe/Berlin] Username: superadmin
[15-Nov-2025 09:21:10 Europe/Berlin] Super admin logged in successfully - redirecting to dashboard.php
[15-Nov-2025 09:21:35 Europe/Berlin] Login success: User logged in: jamyr
[15-Nov-2025 09:38:55 Europe/Berlin] Login success: User logged in: Prince
[15-Nov-2025 09:39:08 Europe/Berlin] === SUPER ADMIN LOGIN SUCCESS ===
[15-Nov-2025 09:39:08 Europe/Berlin] User ID: 43
[15-Nov-2025 09:39:08 Europe/Berlin] Username: superadmin
[15-Nov-2025 09:39:08 Europe/Berlin] Super admin logged in successfully - redirecting to dashboard.php
[15-Nov-2025 09:47:15 Europe/Berlin] === SUPER ADMIN LOGIN SUCCESS ===
[15-Nov-2025 09:47:15 Europe/Berlin] User ID: 43
[15-Nov-2025 09:47:15 Europe/Berlin] Username: superadmin
[15-Nov-2025 09:47:15 Europe/Berlin] Super admin logged in successfully - redirecting to dashboard.php
[15-Nov-2025 10:01:19 Europe/Berlin] Login success: User logged in: jamyr
[15-Nov-2025 10:06:05 Europe/Berlin] Login success: User logged in: Prince
[18-Nov-2025 06:38:28 Europe/Berlin] === SUPER ADMIN LOGIN SUCCESS ===
[18-Nov-2025 06:38:28 Europe/Berlin] User ID: 43
[18-Nov-2025 06:38:28 Europe/Berlin] Username: superadmin
[18-Nov-2025 06:38:28 Europe/Berlin] Super admin logged in successfully - redirecting to dashboard.php
[18-Nov-2025 06:43:19 Europe/Berlin] Login success: User logged in: Jamyr
[18-Nov-2025 06:50:06 Europe/Berlin] Login success: User logged in: donald
[18-Nov-2025 06:51:28 Europe/Berlin] === SUPER ADMIN LOGIN SUCCESS ===
[18-Nov-2025 06:51:28 Europe/Berlin] User ID: 43
[18-Nov-2025 06:51:28 Europe/Berlin] Username: superadmin
[18-Nov-2025 06:51:28 Europe/Berlin] Super admin logged in successfully - redirecting to dashboard.php
[18-Nov-2025 07:14:55 Europe/Berlin] Session-based lock applied: User 'superadmin' locked for 300 seconds (attempts: 8)
[18-Nov-2025 07:20:12 Europe/Berlin] === SUPER ADMIN LOGIN SUCCESS ===
[18-Nov-2025 07:20:12 Europe/Berlin] User ID: 43
[18-Nov-2025 07:20:12 Europe/Berlin] Username: superadmin
[18-Nov-2025 07:20:12 Europe/Berlin] Super admin logged in successfully - redirecting to dashboard.php
[18-Nov-2025 07:35:58 Europe/Berlin] Login success: User logged in: admin
[18-Nov-2025 07:53:22 Europe/Berlin] Login success: User logged in: Jamyr
[18-Nov-2025 08:23:57 Europe/Berlin] === SUPER ADMIN LOGIN SUCCESS ===
[18-Nov-2025 08:23:57 Europe/Berlin] User ID: 43
[18-Nov-2025 08:23:57 Europe/Berlin] Username: superadmin
[18-Nov-2025 08:23:57 Europe/Berlin] Super admin logged in successfully - redirecting to dashboard.php
[18-Nov-2025 08:40:48 Europe/Berlin] Login success: User logged in: Jamyr
[18-Nov-2025 09:09:54 Europe/Berlin] Login success: User logged in: prince
[18-Nov-2025 09:11:32 Europe/Berlin] Login success: User logged in: Jamyr
[18-Nov-2025 09:12:15 Europe/Berlin] Login success: User logged in: prince
[18-Nov-2025 09:49:02 Europe/Berlin] === SUPER ADMIN LOGIN SUCCESS ===
[18-Nov-2025 09:49:02 Europe/Berlin] User ID: 43
[18-Nov-2025 09:49:02 Europe/Berlin] Username: superadmin
[18-Nov-2025 09:49:02 Europe/Berlin] Super admin logged in successfully - redirecting to dashboard.php
[18-Nov-2025 10:00:29 Europe/Berlin] Login success: User logged in: prince
[18-Nov-2025 11:07:36 Europe/Berlin] === SUPER ADMIN LOGIN SUCCESS ===
[18-Nov-2025 11:07:36 Europe/Berlin] User ID: 43
[18-Nov-2025 11:07:36 Europe/Berlin] Username: superadmin
[18-Nov-2025 11:07:36 Europe/Berlin] Super admin logged in successfully - redirecting to dashboard.php
[18-Nov-2025 11:27:53 Europe/Berlin] === SUPER ADMIN LOGIN SUCCESS ===
[18-Nov-2025 11:27:53 Europe/Berlin] User ID: 43
[18-Nov-2025 11:27:53 Europe/Berlin] Username: superadmin
[18-Nov-2025 11:27:53 Europe/Berlin] Super admin logged in successfully - redirecting to dashboard.php
[18-Nov-2025 11:56:33 Europe/Berlin] Session-based lock applied: User 'Prince' locked for 5 seconds (attempts: 5)
[18-Nov-2025 11:56:33 Europe/Berlin] Temporary lock #1 applied: User 'Prince' locked for 5 seconds
[18-Nov-2025 11:56:49 Europe/Berlin] Session-based lock applied: User 'Prince' locked for 5 seconds (attempts: 5)
[18-Nov-2025 11:56:49 Europe/Berlin] Temporary lock #2 applied: User 'Prince' locked for 5 seconds
[18-Nov-2025 11:57:06 Europe/Berlin] Session-based lock applied: User 'Prince' locked for 5 seconds (attempts: 5)
[18-Nov-2025 11:57:06 Europe/Berlin] Account permanently locked: User 'Prince' has reached 3 temporary locks (exceeded 3)
[18-Nov-2025 11:57:06 Europe/Berlin] All active sessions deactivated for locked user: Prince
[18-Nov-2025 11:57:46 Europe/Berlin] === SUPER ADMIN LOGIN SUCCESS ===
[18-Nov-2025 11:57:46 Europe/Berlin] User ID: 43
[18-Nov-2025 11:57:46 Europe/Berlin] Username: superadmin
[18-Nov-2025 11:57:46 Europe/Berlin] Super admin logged in successfully - redirecting to dashboard.php
[18-Nov-2025 11:58:34 Europe/Berlin] === SUPER ADMIN LOGIN SUCCESS ===
[18-Nov-2025 11:58:34 Europe/Berlin] User ID: 43
[18-Nov-2025 11:58:34 Europe/Berlin] Username: superadmin
[18-Nov-2025 11:58:34 Europe/Berlin] Super admin logged in successfully - redirecting to dashboard.php
[19-Nov-2025 03:27:53 Europe/Berlin] === SUPER ADMIN LOGIN SUCCESS ===
[19-Nov-2025 03:27:53 Europe/Berlin] User ID: 43
[19-Nov-2025 03:27:53 Europe/Berlin] Username: superadmin
[19-Nov-2025 03:27:53 Europe/Berlin] Super admin logged in successfully - redirecting to dashboard.php
[19-Nov-2025 04:27:09 Europe/Berlin] Login success: User logged in: prince
[19-Nov-2025 06:36:16 Europe/Berlin] Login success: User logged in: jamyr
[19-Nov-2025 10:10:51 Europe/Berlin] Login success: User logged in: prince
[19-Nov-2025 13:59:30 Europe/Berlin] Login success: User logged in: prince
[19-Nov-2025 14:42:27 Europe/Berlin] Login success: User logged in: Prince
[19-Nov-2025 14:43:09 Europe/Berlin] Login success: User logged in: prince
[19-Nov-2025 14:43:24 Europe/Berlin] Login success: User logged in: Prince
[19-Nov-2025 14:43:43 Europe/Berlin] Login success: User logged in: prince
[19-Nov-2025 14:44:04 Europe/Berlin] Login success: User logged in: Prince
[19-Nov-2025 14:55:09 Europe/Berlin] Login success: User logged in: prince
[19-Nov-2025 14:57:20 Europe/Berlin] === SUPER ADMIN LOGIN SUCCESS ===
[19-Nov-2025 14:57:20 Europe/Berlin] User ID: 43
[19-Nov-2025 14:57:20 Europe/Berlin] Username: superadmin
[19-Nov-2025 14:57:20 Europe/Berlin] Super admin logged in successfully - redirecting to dashboard.php
[19-Nov-2025 16:26:47 Europe/Berlin] === SUPER ADMIN LOGIN SUCCESS ===
[19-Nov-2025 16:26:47 Europe/Berlin] User ID: 43
[19-Nov-2025 16:26:47 Europe/Berlin] Username: superadmin
[19-Nov-2025 16:26:47 Europe/Berlin] Super admin logged in successfully - redirecting to dashboard.php
[20-Nov-2025 04:17:26 Europe/Berlin] === SUPER ADMIN LOGIN SUCCESS ===
[20-Nov-2025 04:17:26 Europe/Berlin] User ID: 43
[20-Nov-2025 04:17:26 Europe/Berlin] Username: superadmin
[20-Nov-2025 04:17:26 Europe/Berlin] Super admin logged in successfully - redirecting to dashboard.php
[20-Nov-2025 04:18:09 Europe/Berlin] Login success: User logged in: Prince
[20-Nov-2025 05:14:44 Europe/Berlin] Login success: User logged in: prince
[20-Nov-2025 05:14:50 Europe/Berlin] === SUPER ADMIN LOGIN SUCCESS ===
[20-Nov-2025 05:14:50 Europe/Berlin] User ID: 43
[20-Nov-2025 05:14:50 Europe/Berlin] Username: superadmin
[20-Nov-2025 05:14:50 Europe/Berlin] Super admin logged in successfully - redirecting to dashboard.php
[20-Nov-2025 08:45:36 Europe/Berlin] === SUPER ADMIN LOGIN SUCCESS ===
[20-Nov-2025 08:45:36 Europe/Berlin] User ID: 43
[20-Nov-2025 08:45:36 Europe/Berlin] Username: superadmin
[20-Nov-2025 08:45:36 Europe/Berlin] Super admin logged in successfully - redirecting to dashboard.php
[20-Nov-2025 08:45:50 Europe/Berlin] Login success: User logged in: jamyr
[20-Nov-2025 08:46:08 Europe/Berlin] Login success: User logged in: jamyr
[20-Nov-2025 09:20:57 Europe/Berlin] Login success: User logged in: Prince
[20-Nov-2025 09:21:36 Europe/Berlin] === SUPER ADMIN LOGIN SUCCESS ===
[20-Nov-2025 09:21:36 Europe/Berlin] User ID: 43
[20-Nov-2025 09:21:36 Europe/Berlin] Username: superadmin
[20-Nov-2025 09:21:36 Europe/Berlin] Super admin logged in successfully - redirecting to dashboard.php
[20-Nov-2025 10:17:49 Europe/Berlin] Login success: User logged in: jamyr
[20-Nov-2025 10:59:56 Europe/Berlin] Login success: User logged in: adminako
[20-Nov-2025 11:00:22 Europe/Berlin] Login success: User logged in: Prince
[20-Nov-2025 11:03:55 Europe/Berlin] Login success: User logged in: Jamyr
[20-Nov-2025 13:01:31 Europe/Berlin] Login success: User logged in: Prince
[21-Nov-2025 05:57:58 Europe/Berlin] Login success: User logged in: prince
[21-Nov-2025 06:25:34 Europe/Berlin] === SUPER ADMIN LOGIN SUCCESS ===
[21-Nov-2025 06:25:34 Europe/Berlin] User ID: 43
[21-Nov-2025 06:25:34 Europe/Berlin] Username: superadmin
[21-Nov-2025 06:25:34 Europe/Berlin] Super admin logged in successfully - redirecting to dashboard.php
[21-Nov-2025 06:28:46 Europe/Berlin] Login success: User logged in: prince
[21-Nov-2025 06:41:40 Europe/Berlin] Login success: User logged in: prince
[21-Nov-2025 07:15:23 Europe/Berlin] === SUPER ADMIN LOGIN SUCCESS ===
[21-Nov-2025 07:15:23 Europe/Berlin] User ID: 43
[21-Nov-2025 07:15:23 Europe/Berlin] Username: superadmin
[21-Nov-2025 07:15:23 Europe/Berlin] Super admin logged in successfully - redirecting to dashboard.php
[21-Nov-2025 14:17:16 Europe/Berlin] === SUPER ADMIN LOGIN SUCCESS ===
[21-Nov-2025 14:17:16 Europe/Berlin] User ID: 43
[21-Nov-2025 14:17:16 Europe/Berlin] Username: superadmin
[21-Nov-2025 14:17:16 Europe/Berlin] Super admin logged in successfully - redirecting to dashboard.php
[21-Nov-2025 14:51:28 Europe/Berlin] Login success: User logged in: prince
[21-Nov-2025 14:53:35 Europe/Berlin] === SUPER ADMIN LOGIN SUCCESS ===
[21-Nov-2025 14:53:35 Europe/Berlin] User ID: 43
[21-Nov-2025 14:53:35 Europe/Berlin] Username: superadmin
[21-Nov-2025 14:53:35 Europe/Berlin] Super admin logged in successfully - redirecting to dashboard.php
[21-Nov-2025 15:41:55 Europe/Berlin] Login success: User logged in: admin
[23-Nov-2025 10:53:41 Europe/Berlin] Login success: User logged in: prince
[23-Nov-2025 11:04:56 Europe/Berlin] === SUPER ADMIN LOGIN SUCCESS ===
[23-Nov-2025 11:04:56 Europe/Berlin] User ID: 43
[23-Nov-2025 11:04:56 Europe/Berlin] Username: superadmin
[23-Nov-2025 11:04:56 Europe/Berlin] Super admin logged in successfully - redirecting to dashboard.php
[23-Nov-2025 11:07:09 Europe/Berlin] === SUPER ADMIN LOGIN SUCCESS ===
[23-Nov-2025 11:07:09 Europe/Berlin] User ID: 43
[23-Nov-2025 11:07:09 Europe/Berlin] Username: superadmin
[23-Nov-2025 11:07:09 Europe/Berlin] Super admin logged in successfully - redirecting to dashboard.php
[23-Nov-2025 11:07:51 Europe/Berlin] === SUPER ADMIN LOGIN SUCCESS ===
[23-Nov-2025 11:07:51 Europe/Berlin] User ID: 43
[23-Nov-2025 11:07:51 Europe/Berlin] Username: superadmin
[23-Nov-2025 11:07:51 Europe/Berlin] Super admin logged in successfully - redirecting to dashboard.php
[25-Nov-2025 11:55:51 Europe/Berlin] === SUPER ADMIN LOGIN SUCCESS ===
[25-Nov-2025 11:55:51 Europe/Berlin] User ID: 43
[25-Nov-2025 11:55:51 Europe/Berlin] Username: superadmin
[25-Nov-2025 11:55:51 Europe/Berlin] Super admin logged in successfully - redirecting to dashboard.php
[25-Nov-2025 11:56:37 Europe/Berlin] Login success: User logged in: prince
[25-Nov-2025 19:53:20 Europe/Berlin] Login success: User logged in: prince
[25-Nov-2025 20:13:18 Europe/Berlin] === SUPER ADMIN LOGIN SUCCESS ===
[25-Nov-2025 20:13:18 Europe/Berlin] User ID: 43
[25-Nov-2025 20:13:18 Europe/Berlin] Username: superadmin
[25-Nov-2025 20:13:18 Europe/Berlin] Super admin logged in successfully - redirecting to dashboard.php
[26-Nov-2025 07:43:38 Europe/Berlin] === SUPER ADMIN LOGIN SUCCESS ===
[26-Nov-2025 07:43:38 Europe/Berlin] User ID: 43
[26-Nov-2025 07:43:38 Europe/Berlin] Username: superadmin
[26-Nov-2025 07:43:38 Europe/Berlin] Super admin logged in successfully - redirecting to dashboard.php
[26-Nov-2025 07:46:39 Europe/Berlin] Login success: User logged in: ronald
[26-Nov-2025 15:01:08 Europe/Berlin] === SUPER ADMIN LOGIN SUCCESS ===
[26-Nov-2025 15:01:08 Europe/Berlin] User ID: 43
[26-Nov-2025 15:01:08 Europe/Berlin] Username: superadmin
[26-Nov-2025 15:01:08 Europe/Berlin] Super admin logged in successfully - redirecting to dashboard.php
[27-Nov-2025 00:13:12 Europe/Berlin] === SUPER ADMIN LOGIN SUCCESS ===
[27-Nov-2025 00:13:12 Europe/Berlin] User ID: 43
[27-Nov-2025 00:13:12 Europe/Berlin] Username: superadmin
[27-Nov-2025 00:13:12 Europe/Berlin] Super admin logged in successfully - redirecting to dashboard.php
[27-Nov-2025 07:43:37 Europe/Berlin] === SUPER ADMIN LOGIN SUCCESS ===
[27-Nov-2025 07:43:37 Europe/Berlin] User ID: 43
[27-Nov-2025 07:43:37 Europe/Berlin] Username: superadmin
[27-Nov-2025 07:43:37 Europe/Berlin] Super admin logged in successfully - redirecting to dashboard.php
[27-Nov-2025 07:43:59 Europe/Berlin] Login success: User logged in: Prince
[27-Nov-2025 07:44:44 Europe/Berlin] Login success: User logged in: jamyr
[27-Nov-2025 07:53:46 Europe/Berlin] === SUPER ADMIN LOGIN SUCCESS ===
[27-Nov-2025 07:53:46 Europe/Berlin] User ID: 43
[27-Nov-2025 07:53:46 Europe/Berlin] Username: superadmin
[27-Nov-2025 07:53:46 Europe/Berlin] Super admin logged in successfully - redirecting to dashboard.php
[27-Nov-2025 09:13:46 Europe/Berlin] Login success: User logged in: Prince
[27-Nov-2025 09:21:26 Europe/Berlin] === SUPER ADMIN LOGIN SUCCESS ===
[27-Nov-2025 09:21:26 Europe/Berlin] User ID: 43
[27-Nov-2025 09:21:26 Europe/Berlin] Username: superadmin
[27-Nov-2025 09:21:26 Europe/Berlin] Super admin logged in successfully - redirecting to dashboard.php
[27-Nov-2025 09:31:56 Europe/Berlin] === SUPER ADMIN LOGIN SUCCESS ===
[27-Nov-2025 09:31:56 Europe/Berlin] User ID: 43
[27-Nov-2025 09:31:56 Europe/Berlin] Username: superadmin
[27-Nov-2025 09:31:56 Europe/Berlin] Super admin logged in successfully - redirecting to dashboard.php
[27-Nov-2025 09:32:27 Europe/Berlin] Login success: User logged in: Nicole
[27-Nov-2025 09:34:16 Europe/Berlin] Login success: User logged in: Prince
[27-Nov-2025 10:36:18 Europe/Berlin] Login success: User logged in: jamyr
[27-Nov-2025 11:51:45 Europe/Berlin] Login success: User logged in: Nicole
[27-Nov-2025 12:01:49 Europe/Berlin] Login success: User logged in: jamyr
[27-Nov-2025 12:24:18 Europe/Berlin] Login success: User logged in: Nicole
[27-Nov-2025 12:32:36 Europe/Berlin] Login success: User logged in: jamyr
[27-Nov-2025 12:39:37 Europe/Berlin] Login success: User logged in: prince
[27-Nov-2025 12:40:18 Europe/Berlin] === SUPER ADMIN LOGIN SUCCESS ===
[27-Nov-2025 12:40:18 Europe/Berlin] User ID: 43
[27-Nov-2025 12:40:18 Europe/Berlin] Username: superadmin
[27-Nov-2025 12:40:18 Europe/Berlin] Super admin logged in successfully - redirecting to dashboard.php
[27-Nov-2025 12:41:19 Europe/Berlin] Login success: User logged in: Prince
[27-Nov-2025 12:43:39 Europe/Berlin] Login success: User logged in: Nicole
[27-Nov-2025 13:15:23 Europe/Berlin] Login success: User logged in: Prince
[27-Nov-2025 16:02:32 Europe/Berlin] === SUPER ADMIN LOGIN SUCCESS ===
[27-Nov-2025 16:02:32 Europe/Berlin] User ID: 43
[27-Nov-2025 16:02:32 Europe/Berlin] Username: superadmin
[27-Nov-2025 16:02:32 Europe/Berlin] Super admin logged in successfully - redirecting to dashboard.php
[27-Nov-2025 16:02:51 Europe/Berlin] Login success: User logged in: Prince
[27-Nov-2025 16:03:05 Europe/Berlin] Login success: User logged in: jamyr
[27-Nov-2025 18:27:21 Europe/Berlin] Login success: User logged in: Prince
[27-Nov-2025 18:27:29 Europe/Berlin] Login success: User logged in: jamyr
[27-Nov-2025 18:40:31 Europe/Berlin] === SUPER ADMIN LOGIN SUCCESS ===
[27-Nov-2025 18:40:31 Europe/Berlin] User ID: 43
[27-Nov-2025 18:40:31 Europe/Berlin] Username: superadmin
[27-Nov-2025 18:40:31 Europe/Berlin] Super admin logged in successfully - redirecting to dashboard.php
[27-Nov-2025 18:41:42 Europe/Berlin] Login success: User logged in: Prince
[27-Nov-2025 19:42:59 Europe/Berlin] === SUPER ADMIN LOGIN SUCCESS ===
[27-Nov-2025 19:42:59 Europe/Berlin] User ID: 43
[27-Nov-2025 19:42:59 Europe/Berlin] Username: superadmin
[27-Nov-2025 19:42:59 Europe/Berlin] Super admin logged in successfully - redirecting to dashboard.php
[28-Nov-2025 08:47:49 Europe/Berlin] Login success: User logged in: Prince
[28-Nov-2025 08:48:00 Europe/Berlin] Login success: User logged in: jamyr
[28-Nov-2025 08:53:27 Europe/Berlin] Login success: User logged in: jamyr
[28-Nov-2025 08:57:31 Europe/Berlin] Login success: User logged in: jamyr
[28-Nov-2025 09:04:58 Europe/Berlin] Login success: User logged in: jamyr
[28-Nov-2025 09:07:21 Europe/Berlin] Login success: User logged in: Jamyr
[28-Nov-2025 09:08:47 Europe/Berlin] Login success: User logged in: jamyr
[29-Nov-2025 08:00:06 Europe/Berlin] === SUPER ADMIN LOGIN SUCCESS ===
[29-Nov-2025 08:00:06 Europe/Berlin] User ID: 43
[29-Nov-2025 08:00:06 Europe/Berlin] Username: superadmin
[29-Nov-2025 08:00:06 Europe/Berlin] Super admin logged in successfully - redirecting to dashboard.php
[29-Nov-2025 08:44:27 Europe/Berlin] Login success: User logged in: prince
[29-Nov-2025 08:46:41 Europe/Berlin] Login success: User logged in: jamyr
[29-Nov-2025 08:46:55 Europe/Berlin] Login success: User logged in: prince
[01-Dec-2025 09:01:23 Europe/Berlin] === SUPER ADMIN LOGIN SUCCESS ===
[01-Dec-2025 09:01:23 Europe/Berlin] User ID: 43
[01-Dec-2025 09:01:23 Europe/Berlin] Username: superadmin
[01-Dec-2025 09:01:23 Europe/Berlin] Super admin logged in successfully - redirecting to dashboard.php
[01-Dec-2025 09:03:00 Europe/Berlin] Login success: User logged in: Prince
[01-Dec-2025 09:03:58 Europe/Berlin] Login success: User logged in: jamyr
[01-Dec-2025 09:07:38 Europe/Berlin] Login success: User logged in: Prince
[01-Dec-2025 09:09:30 Europe/Berlin] Login success: User logged in: Nicole
[01-Dec-2025 09:09:50 Europe/Berlin] Login success: User logged in: Prince
[01-Dec-2025 09:11:37 Europe/Berlin] Login success: User logged in: Prince
[01-Dec-2025 09:12:35 Europe/Berlin] Login success: User logged in: Prince
[01-Dec-2025 09:21:29 Europe/Berlin] Login success: User logged in: jamyr
[01-Dec-2025 09:22:54 Europe/Berlin] Login success: User logged in: jamyr
[01-Dec-2025 10:20:54 Europe/Berlin] Login success: User logged in: Nicole
[01-Dec-2025 10:30:02 Europe/Berlin] Login success: User logged in: jamyr
[01-Dec-2025 10:30:26 Europe/Berlin] Login success: User logged in: Nicole
[01-Dec-2025 11:00:46 Europe/Berlin] Login success: User logged in: prince
[01-Dec-2025 11:01:45 Europe/Berlin] Login success: User logged in: Prince
[01-Dec-2025 11:05:15 Europe/Berlin] Login success: User logged in: prince
[01-Dec-2025 11:06:21 Europe/Berlin] Login success: User logged in: Prince
[01-Dec-2025 11:20:41 Europe/Berlin] === SUPER ADMIN LOGIN SUCCESS ===
[01-Dec-2025 11:20:41 Europe/Berlin] User ID: 43
[01-Dec-2025 11:20:41 Europe/Berlin] Username: superadmin
[01-Dec-2025 11:20:41 Europe/Berlin] Super admin logged in successfully - redirecting to dashboard.php
[01-Dec-2025 11:29:06 Europe/Berlin] === SUPER ADMIN LOGIN SUCCESS ===
[01-Dec-2025 11:29:06 Europe/Berlin] User ID: 43
[01-Dec-2025 11:29:06 Europe/Berlin] Username: superadmin
[01-Dec-2025 11:29:06 Europe/Berlin] Super admin logged in successfully - redirecting to dashboard.php
[01-Dec-2025 11:29:39 Europe/Berlin] Login success: User logged in: Nicole
[01-Dec-2025 11:32:21 Europe/Berlin] === SUPER ADMIN LOGIN SUCCESS ===
[01-Dec-2025 11:32:21 Europe/Berlin] User ID: 43
[01-Dec-2025 11:32:21 Europe/Berlin] Username: superadmin
[01-Dec-2025 11:32:21 Europe/Berlin] Super admin logged in successfully - redirecting to dashboard.php
[01-Dec-2025 12:14:11 Europe/Berlin] === SUPER ADMIN LOGIN SUCCESS ===
[01-Dec-2025 12:14:11 Europe/Berlin] User ID: 43
[01-Dec-2025 12:14:11 Europe/Berlin] Username: superadmin
[01-Dec-2025 12:14:11 Europe/Berlin] Super admin logged in successfully - redirecting to dashboard.php
[01-Dec-2025 12:55:51 Europe/Berlin] Failed to prepare login query: Table 'ocabis.users' doesn't exist
[01-Dec-2025 12:55:51 Europe/Berlin] Failed to prepare fallback login query: Table 'ocabis.users' doesn't exist
[01-Dec-2025 12:55:55 Europe/Berlin] Failed to prepare login query: Table 'ocabis.users' doesn't exist
[01-Dec-2025 12:55:55 Europe/Berlin] Failed to prepare fallback login query: Table 'ocabis.users' doesn't exist
[01-Dec-2025 12:56:54 Europe/Berlin] === SUPER ADMIN LOGIN SUCCESS ===
[01-Dec-2025 12:56:54 Europe/Berlin] User ID: 43
[01-Dec-2025 12:56:54 Europe/Berlin] Username: superadmin
[01-Dec-2025 12:56:54 Europe/Berlin] Super admin logged in successfully - redirecting to dashboard.php
[01-Dec-2025 12:58:16 Europe/Berlin] Login success: User logged in: Jamyr
[02-Dec-2025 08:38:09 Europe/Berlin] === SUPER ADMIN LOGIN SUCCESS ===
[02-Dec-2025 08:38:09 Europe/Berlin] User ID: 43
[02-Dec-2025 08:38:09 Europe/Berlin] Username: superadmin
[02-Dec-2025 08:38:09 Europe/Berlin] Super admin logged in successfully - redirecting to dashboard.php
[02-Dec-2025 08:38:19 Europe/Berlin] Login success: User logged in: prince
[02-Dec-2025 08:39:15 Europe/Berlin] Login success: User logged in: nicole
[03-Dec-2025 09:42:12 Europe/Berlin] PHP Fatal error:  Uncaught mysqli_sql_exception: MySQL server has gone away in C:\xampp\htdocs\ocabisFrontend\ocabis\login.php:211
Stack trace:
#0 C:\xampp\htdocs\ocabisFrontend\ocabis\login.php(211): mysqli->query('SHOW COLUMNS FR...')
#1 {main}
  thrown in C:\xampp\htdocs\ocabisFrontend\ocabis\login.php on line 211
[03-Dec-2025 09:42:30 Europe/Berlin] PHP Fatal error:  Uncaught mysqli_sql_exception: MySQL server has gone away in C:\xampp\htdocs\ocabisFrontend\ocabis\login.php:211
Stack trace:
#0 C:\xampp\htdocs\ocabisFrontend\ocabis\login.php(211): mysqli->query('SHOW COLUMNS FR...')
#1 {main}
  thrown in C:\xampp\htdocs\ocabisFrontend\ocabis\login.php on line 211
[03-Dec-2025 09:42:47 Europe/Berlin] PHP Fatal error:  Uncaught mysqli_sql_exception: MySQL server has gone away in C:\xampp\htdocs\ocabisFrontend\ocabis\login.php:211
Stack trace:
#0 C:\xampp\htdocs\ocabisFrontend\ocabis\login.php(211): mysqli->query('SHOW COLUMNS FR...')
#1 {main}
  thrown in C:\xampp\htdocs\ocabisFrontend\ocabis\login.php on line 211
[03-Dec-2025 09:44:07 Europe/Berlin] Login success: User logged in: prince
[03-Dec-2025 10:51:32 Europe/Berlin] === SUPER ADMIN LOGIN SUCCESS ===
[03-Dec-2025 10:51:32 Europe/Berlin] User ID: 43
[03-Dec-2025 10:51:32 Europe/Berlin] Username: superadmin
[03-Dec-2025 10:51:32 Europe/Berlin] Super admin logged in successfully - redirecting to dashboard.php
[03-Dec-2025 10:53:40 Europe/Berlin] === SUPER ADMIN LOGIN SUCCESS ===
[03-Dec-2025 10:53:40 Europe/Berlin] User ID: 43
[03-Dec-2025 10:53:40 Europe/Berlin] Username: superadmin
[03-Dec-2025 10:53:40 Europe/Berlin] Super admin logged in successfully - redirecting to dashboard.php
[03-Dec-2025 10:54:15 Europe/Berlin] Login success: User logged in: admin
[03-Dec-2025 10:54:55 Europe/Berlin] Login success: User logged in: admin
[03-Dec-2025 10:56:24 Europe/Berlin] Login success: User logged in: prince
[03-Dec-2025 10:59:45 Europe/Berlin] === SUPER ADMIN LOGIN SUCCESS ===
[03-Dec-2025 10:59:45 Europe/Berlin] User ID: 43
[03-Dec-2025 10:59:45 Europe/Berlin] Username: superadmin
[03-Dec-2025 10:59:45 Europe/Berlin] Super admin logged in successfully - redirecting to dashboard.php
[03-Dec-2025 11:01:03 Europe/Berlin] Login success: User logged in: prince
[03-Dec-2025 15:41:25 Europe/Berlin] Login success: User logged in: prince
[04-Dec-2025 10:10:23 Europe/Berlin] PHP Fatal error:  Uncaught mysqli_sql_exception: MySQL server has gone away in C:\xampp\htdocs\ocabisFrontend\ocabis\login.php:150
Stack trace:
#0 C:\xampp\htdocs\ocabisFrontend\ocabis\login.php(150): mysqli->prepare('SELECT id, user...')
#1 {main}
  thrown in C:\xampp\htdocs\ocabisFrontend\ocabis\login.php on line 150
[04-Dec-2025 10:10:33 Europe/Berlin] Login success: User logged in: prince
[04-Dec-2025 10:12:04 Europe/Berlin] === SUPER ADMIN LOGIN SUCCESS ===
[04-Dec-2025 10:12:04 Europe/Berlin] User ID: 43
[04-Dec-2025 10:12:04 Europe/Berlin] Username: superadmin
[04-Dec-2025 10:12:04 Europe/Berlin] Super admin logged in successfully - redirecting to dashboard.php
[04-Dec-2025 10:12:27 Europe/Berlin] Login success: User logged in: prince
[04-Dec-2025 10:26:30 Europe/Berlin] Login success: User logged in: jamyr
[04-Dec-2025 13:02:52 Europe/Berlin] Login success: User logged in: prince
[04-Dec-2025 13:04:08 Europe/Berlin] Login success: User logged in: Jamyr
[04-Dec-2025 13:04:40 Europe/Berlin] Login success: User logged in: prince
[04-Dec-2025 13:05:59 Europe/Berlin] === SUPER ADMIN LOGIN SUCCESS ===
[04-Dec-2025 13:05:59 Europe/Berlin] User ID: 43
[04-Dec-2025 13:05:59 Europe/Berlin] Username: superadmin
[04-Dec-2025 13:05:59 Europe/Berlin] Super admin logged in successfully - redirecting to dashboard.php
[04-Dec-2025 13:07:44 Europe/Berlin] Login success: User logged in: Jamyr
[04-Dec-2025 13:08:25 Europe/Berlin] Login success: User logged in: Prince
[04-Dec-2025 13:19:26 Europe/Berlin] Login success: User logged in: jamyr
[04-Dec-2025 13:19:46 Europe/Berlin] Login success: User logged in: prince
[04-Dec-2025 13:45:32 Europe/Berlin] === SUPER ADMIN LOGIN SUCCESS ===
[04-Dec-2025 13:45:32 Europe/Berlin] User ID: 43
[04-Dec-2025 13:45:32 Europe/Berlin] Username: superadmin
[04-Dec-2025 13:45:32 Europe/Berlin] Super admin logged in successfully - redirecting to dashboard.php
[04-Dec-2025 14:27:30 Europe/Berlin] === SUPER ADMIN LOGIN SUCCESS ===
[04-Dec-2025 14:27:30 Europe/Berlin] User ID: 43
[04-Dec-2025 14:27:30 Europe/Berlin] Username: superadmin
[04-Dec-2025 14:27:30 Europe/Berlin] Super admin logged in successfully - redirecting to dashboard.php
[04-Dec-2025 14:28:39 Europe/Berlin] Login success: User logged in: admin
[04-Dec-2025 14:29:20 Europe/Berlin] Login success: User logged in: admin
[04-Dec-2025 14:30:26 Europe/Berlin] Login success: User logged in: admin
[04-Dec-2025 14:38:58 Europe/Berlin] === SUPER ADMIN LOGIN SUCCESS ===
[04-Dec-2025 14:38:58 Europe/Berlin] User ID: 43
[04-Dec-2025 14:38:58 Europe/Berlin] Username: superadmin
[04-Dec-2025 14:38:58 Europe/Berlin] Super admin logged in successfully - redirecting to dashboard.php
[04-Dec-2025 14:39:50 Europe/Berlin] Login success: User logged in: admin
[04-Dec-2025 14:40:44 Europe/Berlin] Login success: User logged in: Jamyr
[05-Dec-2025 08:12:06 Europe/Berlin] === SUPER ADMIN LOGIN SUCCESS ===
[05-Dec-2025 08:12:06 Europe/Berlin] User ID: 43
[05-Dec-2025 08:12:06 Europe/Berlin] Username: superadmin
[05-Dec-2025 08:12:06 Europe/Berlin] Super admin logged in successfully - redirecting to dashboard.php
[05-Dec-2025 08:31:26 Europe/Berlin] Login success: User logged in: admin
[05-Dec-2025 08:32:35 Europe/Berlin] Login success: User logged in: prince
[05-Dec-2025 08:34:24 Europe/Berlin] Login success: User logged in: jamyr
[05-Dec-2025 08:35:44 Europe/Berlin] Login success: User logged in: admin
[05-Dec-2025 08:37:33 Europe/Berlin] Login success: User logged in: admin
[05-Dec-2025 08:42:52 Europe/Berlin] Login success: User logged in: admin
[05-Dec-2025 08:43:10 Europe/Berlin] === SUPER ADMIN LOGIN SUCCESS ===
[05-Dec-2025 08:43:10 Europe/Berlin] User ID: 43
[05-Dec-2025 08:43:10 Europe/Berlin] Username: superadmin
[05-Dec-2025 08:43:10 Europe/Berlin] Super admin logged in successfully - redirecting to dashboard.php
[05-Dec-2025 08:43:27 Europe/Berlin] Login success: User logged in: admin
[05-Dec-2025 08:46:33 Europe/Berlin] === SUPER ADMIN LOGIN SUCCESS ===
[05-Dec-2025 08:46:33 Europe/Berlin] User ID: 43
[05-Dec-2025 08:46:33 Europe/Berlin] Username: superadmin
[05-Dec-2025 08:46:33 Europe/Berlin] Super admin logged in successfully - redirecting to dashboard.php
[05-Dec-2025 08:58:37 Europe/Berlin] Login success: User logged in: prince
[05-Dec-2025 08:59:37 Europe/Berlin] === SUPER ADMIN LOGIN SUCCESS ===
[05-Dec-2025 08:59:37 Europe/Berlin] User ID: 43
[05-Dec-2025 08:59:37 Europe/Berlin] Username: superadmin
[05-Dec-2025 08:59:37 Europe/Berlin] Super admin logged in successfully - redirecting to dashboard.php
[05-Dec-2025 09:14:23 Europe/Berlin] Login success: User logged in: prince
[05-Dec-2025 09:14:44 Europe/Berlin] === SUPER ADMIN LOGIN SUCCESS ===
[05-Dec-2025 09:14:44 Europe/Berlin] User ID: 43
[05-Dec-2025 09:14:44 Europe/Berlin] Username: superadmin
[05-Dec-2025 09:14:44 Europe/Berlin] Super admin logged in successfully - redirecting to dashboard.php
[05-Dec-2025 09:18:08 Europe/Berlin] Login success: User logged in: jamyr
[05-Dec-2025 09:24:48 Europe/Berlin] Login success: User logged in: nicole
[05-Dec-2025 09:25:47 Europe/Berlin] Login success: User logged in: nicole
[05-Dec-2025 09:57:47 Europe/Berlin] === SUPER ADMIN LOGIN SUCCESS ===
[05-Dec-2025 09:57:47 Europe/Berlin] User ID: 43
[05-Dec-2025 09:57:47 Europe/Berlin] Username: superadmin
[05-Dec-2025 09:57:47 Europe/Berlin] Super admin logged in successfully - redirecting to dashboard.php
[05-Dec-2025 09:59:18 Europe/Berlin] === SUPER ADMIN LOGIN SUCCESS ===
[05-Dec-2025 09:59:18 Europe/Berlin] User ID: 43
[05-Dec-2025 09:59:18 Europe/Berlin] Username: superadmin
[05-Dec-2025 09:59:18 Europe/Berlin] Super admin logged in successfully - redirecting to dashboard.php
[05-Dec-2025 10:00:39 Europe/Berlin] === SUPER ADMIN LOGIN SUCCESS ===
[05-Dec-2025 10:00:39 Europe/Berlin] User ID: 43
[05-Dec-2025 10:00:39 Europe/Berlin] Username: superadmin
[05-Dec-2025 10:00:39 Europe/Berlin] Super admin logged in successfully - redirecting to dashboard.php
[05-Dec-2025 10:22:28 Europe/Berlin] Login success: User logged in: admin
[05-Dec-2025 10:23:32 Europe/Berlin] Login success: User logged in: prince
[05-Dec-2025 10:29:55 Europe/Berlin] Login success: User logged in: admin
[05-Dec-2025 10:40:13 Europe/Berlin] Login success: User logged in: prince
[05-Dec-2025 10:45:47 Europe/Berlin] Login success: User logged in: Nicole
[05-Dec-2025 10:46:33 Europe/Berlin] Login success: User logged in: Nicole
[05-Dec-2025 11:33:34 Europe/Berlin] === SUPER ADMIN LOGIN SUCCESS ===
[05-Dec-2025 11:33:34 Europe/Berlin] User ID: 43
[05-Dec-2025 11:33:34 Europe/Berlin] Username: superadmin
[05-Dec-2025 11:33:34 Europe/Berlin] Super admin logged in successfully - redirecting to dashboard.php
[05-Dec-2025 11:33:55 Europe/Berlin] Login success: User logged in: admin
[05-Dec-2025 11:35:29 Europe/Berlin] Login success: User logged in: prince
[05-Dec-2025 11:35:58 Europe/Berlin] Login success: User logged in: Nicole
[05-Dec-2025 11:41:21 Europe/Berlin] Login success: User logged in: prince
[05-Dec-2025 11:43:01 Europe/Berlin] === SUPER ADMIN LOGIN SUCCESS ===
[05-Dec-2025 11:43:01 Europe/Berlin] User ID: 43
[05-Dec-2025 11:43:01 Europe/Berlin] Username: superadmin
[05-Dec-2025 11:43:01 Europe/Berlin] Super admin logged in successfully - redirecting to dashboard.php
[05-Dec-2025 11:51:57 Europe/Berlin] Login success: User logged in: prince
[05-Dec-2025 12:01:28 Europe/Berlin] Login success: User logged in: jamyr
[05-Dec-2025 12:06:47 Europe/Berlin] === SUPER ADMIN LOGIN SUCCESS ===
[05-Dec-2025 12:06:47 Europe/Berlin] User ID: 43
[05-Dec-2025 12:06:47 Europe/Berlin] Username: superadmin
[05-Dec-2025 12:06:47 Europe/Berlin] Super admin logged in successfully - redirecting to dashboard.php
[09-Dec-2025 09:23:05 Europe/Berlin] === SUPER ADMIN LOGIN SUCCESS ===
[09-Dec-2025 09:23:05 Europe/Berlin] User ID: 43
[09-Dec-2025 09:23:05 Europe/Berlin] Username: superadmin
[09-Dec-2025 09:23:05 Europe/Berlin] Super admin logged in successfully - redirecting to dashboard.php
[09-Dec-2025 09:23:19 Europe/Berlin] === SUPER ADMIN LOGIN SUCCESS ===
[09-Dec-2025 09:23:19 Europe/Berlin] User ID: 43
[09-Dec-2025 09:23:19 Europe/Berlin] Username: superadmin
[09-Dec-2025 09:23:19 Europe/Berlin] Super admin logged in successfully - redirecting to dashboard.php
[09-Dec-2025 09:23:39 Europe/Berlin] Login success: User logged in: admin
[09-Dec-2025 10:10:35 Europe/Berlin] === SUPER ADMIN LOGIN SUCCESS ===
[09-Dec-2025 10:10:35 Europe/Berlin] User ID: 43
[09-Dec-2025 10:10:35 Europe/Berlin] Username: superadmin
[09-Dec-2025 10:10:35 Europe/Berlin] Super admin logged in successfully - redirecting to dashboard.php
[09-Dec-2025 10:37:36 Europe/Berlin] Login success: User logged in: jamyr
[09-Dec-2025 10:41:39 Europe/Berlin] Login success: User logged in: prince
[09-Dec-2025 10:53:37 Europe/Berlin] Login success: User logged in: jamyr
[09-Dec-2025 10:54:02 Europe/Berlin] Login success: User logged in: prince
[09-Dec-2025 11:13:50 Europe/Berlin] === SUPER ADMIN LOGIN SUCCESS ===
[09-Dec-2025 11:13:50 Europe/Berlin] User ID: 43
[09-Dec-2025 11:13:50 Europe/Berlin] Username: superadmin
[09-Dec-2025 11:13:50 Europe/Berlin] Super admin logged in successfully - redirecting to dashboard.php
[09-Dec-2025 11:14:07 Europe/Berlin] Login success: User logged in: prince
[09-Dec-2025 11:16:51 Europe/Berlin] === SUPER ADMIN LOGIN SUCCESS ===
[09-Dec-2025 11:16:51 Europe/Berlin] User ID: 43
[09-Dec-2025 11:16:51 Europe/Berlin] Username: superadmin
[09-Dec-2025 11:16:51 Europe/Berlin] Super admin logged in successfully - redirecting to dashboard.php
[09-Dec-2025 11:17:08 Europe/Berlin] Login success: User logged in: prince
[09-Dec-2025 11:45:26 Europe/Berlin] === SUPER ADMIN LOGIN SUCCESS ===
[09-Dec-2025 11:45:26 Europe/Berlin] User ID: 43
[09-Dec-2025 11:45:26 Europe/Berlin] Username: superadmin
[09-Dec-2025 11:45:26 Europe/Berlin] Super admin logged in successfully - redirecting to dashboard.php
[09-Dec-2025 11:45:51 Europe/Berlin] Login success: User logged in: prince
[09-Dec-2025 12:16:08 Europe/Berlin] Login success: User logged in: jamyr
[09-Dec-2025 12:17:40 Europe/Berlin] Login success: User logged in: prince
[09-Dec-2025 12:19:27 Europe/Berlin] Login success: User logged in: jamyr
[10-Dec-2025 09:09:24 Europe/Berlin] Login success: User logged in: prince
[10-Dec-2025 09:39:14 Europe/Berlin] Login success: User logged in: jamyr
[10-Dec-2025 09:48:24 Europe/Berlin] Login success: User logged in: jamyr
[10-Dec-2025 09:49:40 Europe/Berlin] Login success: User logged in: jamyr
[10-Dec-2025 09:50:28 Europe/Berlin] Login success: User logged in: jamyr
[10-Dec-2025 09:56:43 Europe/Berlin] Login success: User logged in: jamyr
[10-Dec-2025 09:57:48 Europe/Berlin] Login success: User logged in: jamyr
[10-Dec-2025 10:01:55 Europe/Berlin] Login success: User logged in: jamyr
[10-Dec-2025 10:06:27 Europe/Berlin] Login success: User logged in: prince
[10-Dec-2025 10:08:42 Europe/Berlin] Login success: User logged in: jamyr
[10-Dec-2025 10:13:23 Europe/Berlin] === SUPER ADMIN LOGIN SUCCESS ===
[10-Dec-2025 10:13:23 Europe/Berlin] User ID: 43
[10-Dec-2025 10:13:23 Europe/Berlin] Username: superadmin
[10-Dec-2025 10:13:23 Europe/Berlin] Super admin logged in successfully - redirecting to dashboard.php
[10-Dec-2025 10:13:56 Europe/Berlin] === SUPER ADMIN LOGIN SUCCESS ===
[10-Dec-2025 10:13:56 Europe/Berlin] User ID: 43
[10-Dec-2025 10:13:56 Europe/Berlin] Username: superadmin
[10-Dec-2025 10:13:56 Europe/Berlin] Super admin logged in successfully - redirecting to dashboard.php
[10-Dec-2025 10:15:01 Europe/Berlin] === SUPER ADMIN LOGIN SUCCESS ===
[10-Dec-2025 10:15:01 Europe/Berlin] User ID: 43
[10-Dec-2025 10:15:01 Europe/Berlin] Username: superadmin
[10-Dec-2025 10:15:01 Europe/Berlin] Super admin logged in successfully - redirecting to dashboard.php
[10-Dec-2025 10:15:30 Europe/Berlin] Login success: User logged in: admin
[10-Dec-2025 10:15:45 Europe/Berlin] === SUPER ADMIN LOGIN SUCCESS ===
[10-Dec-2025 10:15:45 Europe/Berlin] User ID: 43
[10-Dec-2025 10:15:45 Europe/Berlin] Username: superadmin
[10-Dec-2025 10:15:45 Europe/Berlin] Super admin logged in successfully - redirecting to dashboard.php
[10-Dec-2025 10:16:54 Europe/Berlin] === SUPER ADMIN LOGIN SUCCESS ===
[10-Dec-2025 10:16:54 Europe/Berlin] User ID: 43
[10-Dec-2025 10:16:54 Europe/Berlin] Username: superadmin
[10-Dec-2025 10:16:54 Europe/Berlin] Super admin logged in successfully - redirecting to dashboard.php
[10-Dec-2025 10:17:40 Europe/Berlin] Login success: User logged in: admin
[10-Dec-2025 10:18:12 Europe/Berlin] Login success: User logged in: admin
[10-Dec-2025 10:19:03 Europe/Berlin] Login success: User logged in: PRINCE
[10-Dec-2025 10:22:17 Europe/Berlin] Login success: User logged in: admin
[10-Dec-2025 10:27:41 Europe/Berlin] Login success: User logged in: PRINCE
[10-Dec-2025 10:27:59 Europe/Berlin] Login success: User logged in: Nicole
[10-Dec-2025 10:28:34 Europe/Berlin] Login success: User logged in: jamyr
[10-Dec-2025 10:29:16 Europe/Berlin] Login success: User logged in: Nicole
[10-Dec-2025 10:29:25 Europe/Berlin] Login success: User logged in: jamyr
[10-Dec-2025 10:31:10 Europe/Berlin] Login success: User logged in: jamyr
[10-Dec-2025 10:32:50 Europe/Berlin] Login success: User logged in: admin
[10-Dec-2025 10:33:38 Europe/Berlin] Login success: User logged in: nicole
[10-Dec-2025 10:35:17 Europe/Berlin] === SUPER ADMIN LOGIN SUCCESS ===
[10-Dec-2025 10:35:17 Europe/Berlin] User ID: 43
[10-Dec-2025 10:35:17 Europe/Berlin] Username: superadmin
[10-Dec-2025 10:35:17 Europe/Berlin] Super admin logged in successfully - redirecting to dashboard.php
[10-Dec-2025 10:39:19 Europe/Berlin] Login success: User logged in: prince
[10-Dec-2025 10:40:50 Europe/Berlin] Login success: User logged in: jamyr
[10-Dec-2025 11:51:50 Europe/Berlin] === SUPER ADMIN LOGIN SUCCESS ===
[10-Dec-2025 11:51:50 Europe/Berlin] User ID: 43
[10-Dec-2025 11:51:50 Europe/Berlin] Username: superadmin
[10-Dec-2025 11:51:50 Europe/Berlin] Super admin logged in successfully - redirecting to dashboard.php
[10-Dec-2025 11:57:09 Europe/Berlin] === SUPER ADMIN LOGIN SUCCESS ===
[10-Dec-2025 11:57:09 Europe/Berlin] User ID: 43
[10-Dec-2025 11:57:09 Europe/Berlin] Username: superadmin
[10-Dec-2025 11:57:09 Europe/Berlin] Super admin logged in successfully - redirecting to dashboard.php
[10-Dec-2025 11:57:29 Europe/Berlin] === SUPER ADMIN LOGIN SUCCESS ===
[10-Dec-2025 11:57:29 Europe/Berlin] User ID: 43
[10-Dec-2025 11:57:29 Europe/Berlin] Username: superadmin
[10-Dec-2025 11:57:29 Europe/Berlin] Super admin logged in successfully - redirecting to dashboard.php
